01-Apr-2026 00:04:09.658 INFO [main] org.apache.catalina.core.ApplicationContext.log SessionListener: contextDestroyed()
01-Apr-2026 00:04:09.658 INFO [main] org.apache.catalina.core.ApplicationContext.log ContextListener: contextDestroyed()
01-Apr-2026 00:04:11.950 INFO [main] org.apache.catalina.core.ApplicationContext.log ContextListener: contextInitialized()
01-Apr-2026 00:04:11.951 INFO [main] org.apache.catalina.core.ApplicationContext.log SessionListener: contextInitialized()
01-Apr-2026 00:04:11.953 INFO [main] org.apache.catalina.core.ApplicationContext.log ContextListener: attributeAdded('StockTicker', 'async.Stockticker@2ed3b1f5')
01-Apr-2026 00:14:23.429 INFO [main] org.apache.catalina.core.ApplicationContext.log SessionListener: contextDestroyed()
01-Apr-2026 00:14:23.429 INFO [main] org.apache.catalina.core.ApplicationContext.log ContextListener: contextDestroyed()
01-Apr-2026 00:14:26.238 INFO [main] org.apache.catalina.core.ApplicationContext.log ContextListener: contextInitialized()
01-Apr-2026 00:14:26.239 INFO [main] org.apache.catalina.core.ApplicationContext.log SessionListener: contextInitialized()
01-Apr-2026 00:14:26.241 INFO [main] org.apache.catalina.core.ApplicationContext.log ContextListener: attributeAdded('StockTicker', 'async.Stockticker@2ed3b1f5')
01-Apr-2026 00:18:31.561 INFO [main] org.apache.catalina.core.ApplicationContext.log ContextListener: contextInitialized()
01-Apr-2026 00:18:31.561 INFO [main] org.apache.catalina.core.ApplicationContext.log SessionListener: contextInitialized()
01-Apr-2026 00:18:31.563 INFO [main] org.apache.catalina.core.ApplicationContext.log ContextListener: attributeAdded('StockTicker', 'async.Stockticker@46f699d5')
01-Apr-2026 00:18:31.739 INFO [main] org.apache.catalina.core.ApplicationContext.log SessionListener: contextDestroyed()
01-Apr-2026 00:18:31.739 INFO [main] org.apache.catalina.core.ApplicationContext.log ContextListener: contextDestroyed()
01-Apr-2026 00:18:34.663 INFO [main] org.apache.catalina.core.ApplicationContext.log ContextListener: contextInitialized()
01-Apr-2026 00:18:34.663 INFO [main] org.apache.catalina.core.ApplicationContext.log SessionListener: contextInitialized()
01-Apr-2026 00:18:34.666 INFO [main] org.apache.catalina.core.ApplicationContext.log ContextListener: attributeAdded('StockTicker', 'async.Stockticker@659eef7')
01-Apr-2026 00:18:34.829 INFO [main] org.apache.catalina.core.ApplicationContext.log SessionListener: contextDestroyed()
01-Apr-2026 00:18:34.830 INFO [main] org.apache.catalina.core.ApplicationContext.log ContextListener: contextDestroyed()
01-Apr-2026 00:18:37.585 INFO [main] org.apache.catalina.core.ApplicationContext.log SessionListener: contextDestroyed()
01-Apr-2026 00:18:37.586 INFO [main] org.apache.catalina.core.ApplicationContext.log ContextListener: contextDestroyed()
01-Apr-2026 00:18:42.388 INFO [main] org.apache.catalina.core.ApplicationContext.log ContextListener: contextInitialized()
01-Apr-2026 00:18:42.388 INFO [main] org.apache.catalina.core.ApplicationContext.log SessionListener: contextInitialized()
01-Apr-2026 00:18:42.391 INFO [main] org.apache.catalina.core.ApplicationContext.log ContextListener: attributeAdded('StockTicker', 'async.Stockticker@2ed3b1f5')
01-Apr-2026 06:40:28.183 INFO [main] org.apache.catalina.core.ApplicationContext.log SessionListener: contextDestroyed()
01-Apr-2026 06:40:28.183 INFO [main] org.apache.catalina.core.ApplicationContext.log ContextListener: contextDestroyed()
01-Apr-2026 06:58:18.524 INFO [main] org.apache.catalina.core.ApplicationContext.log ContextListener: contextInitialized()
01-Apr-2026 06:58:18.524 INFO [main] org.apache.catalina.core.ApplicationContext.log SessionListener: contextInitialized()
01-Apr-2026 06:58:18.527 INFO [main] org.apache.catalina.core.ApplicationContext.log ContextListener: attributeAdded('StockTicker', 'async.Stockticker@62e70ea3')
01-Apr-2026 16:37:05.179 INFO [main] org.apache.catalina.core.ApplicationContext.log ContextListener: contextInitialized()
01-Apr-2026 16:37:05.179 INFO [main] org.apache.catalina.core.ApplicationContext.log SessionListener: contextInitialized()
01-Apr-2026 16:37:05.182 INFO [main] org.apache.catalina.core.ApplicationContext.log ContextListener: attributeAdded('StockTicker', 'async.Stockticker@741b3bc3')
01-Apr-2026 16:49:51.319 INFO [main] org.apache.catalina.core.ApplicationContext.log SessionListener: contextDestroyed()
01-Apr-2026 16:49:51.319 INFO [main] org.apache.catalina.core.ApplicationContext.log ContextListener: contextDestroyed()
01-Apr-2026 16:49:55.996 INFO [main] org.apache.catalina.core.ApplicationContext.log ContextListener: contextInitialized()
01-Apr-2026 16:49:55.996 INFO [main] org.apache.catalina.core.ApplicationContext.log SessionListener: contextInitialized()
01-Apr-2026 16:49:55.998 INFO [main] org.apache.catalina.core.ApplicationContext.log ContextListener: attributeAdded('StockTicker', 'async.Stockticker@62e70ea3')
01-Apr-2026 16:50:02.481 INFO [main] org.apache.catalina.core.ApplicationContext.log SessionListener: contextDestroyed()
01-Apr-2026 16:50:02.481 INFO [main] org.apache.catalina.core.ApplicationContext.log ContextListener: contextDestroyed()
01-Apr-2026 16:50:05.647 INFO [main] org.apache.catalina.core.ApplicationContext.log ContextListener: contextInitialized()
01-Apr-2026 16:50:05.648 INFO [main] org.apache.catalina.core.ApplicationContext.log SessionListener: contextInitialized()
01-Apr-2026 16:50:05.650 INFO [main] org.apache.catalina.core.ApplicationContext.log ContextListener: attributeAdded('StockTicker', 'async.Stockticker@2ed3b1f5')
01-Apr-2026 17:03:13.408 INFO [main] org.apache.catalina.core.ApplicationContext.log SessionListener: contextDestroyed()
01-Apr-2026 17:03:13.408 INFO [main] org.apache.catalina.core.ApplicationContext.log ContextListener: contextDestroyed()
01-Apr-2026 17:03:15.891 INFO [main] org.apache.catalina.core.ApplicationContext.log ContextListener: contextInitialized()
01-Apr-2026 17:03:15.892 INFO [main] org.apache.catalina.core.ApplicationContext.log SessionListener: contextInitialized()
01-Apr-2026 17:03:15.895 INFO [main] org.apache.catalina.core.ApplicationContext.log ContextListener: attributeAdded('StockTicker', 'async.Stockticker@741b3bc3')
01-Apr-2026 17:04:01.696 SEVERE [http-nio-8080-exec-5] org.apache.catalina.core.StandardWrapperValve.invoke Servlet.service() for servlet [Controller.LoginServlet] in context with path [/IBanking] threw exception
	java.lang.NullPointerException: Cannot invoke "String.trim()" because the return value of "jakarta.servlet.http.HttpServletRequest.getParameter(String)" is null
		at Controller.LoginServlet.doPost(LoginServlet.java:25)
		at jakarta.servlet.http.HttpServlet.service(HttpServlet.java:590)
		at jakarta.servlet.http.HttpServlet.service(HttpServlet.java:658)
		at org.apache.catalina.core.ApplicationFilterChain.internalDoFilter(ApplicationFilterChain.java:193)
		at org.apache.catalina.core.ApplicationFilterChain.doFilter(ApplicationFilterChain.java:138)
		at org.apache.tomcat.websocket.server.WsFilter.doFilter(WsFilter.java:51)
		at org.apache.catalina.core.ApplicationFilterChain.internalDoFilter(ApplicationFilterChain.java:162)
		at org.apache.catalina.core.ApplicationFilterChain.doFilter(ApplicationFilterChain.java:138)
		at org.apache.catalina.core.StandardWrapperValve.invoke(StandardWrapperValve.java:165)
		at org.apache.catalina.core.StandardContextValve.invoke(StandardContextValve.java:88)
		at org.apache.catalina.authenticator.AuthenticatorBase.invoke(AuthenticatorBase.java:492)
		at org.apache.catalina.core.StandardHostValve.invoke(StandardHostValve.java:113)
		at org.apache.catalina.valves.ErrorReportValve.invoke(ErrorReportValve.java:83)
		at org.apache.catalina.valves.AbstractAccessLogValve.invoke(AbstractAccessLogValve.java:654)
		at org.apache.catalina.core.StandardEngineValve.invoke(StandardEngineValve.java:72)
		at org.apache.catalina.connector.CoyoteAdapter.service(CoyoteAdapter.java:342)
		at org.apache.coyote.http11.Http11Processor.service(Http11Processor.java:399)
		at org.apache.coyote.AbstractProcessorLight.process(AbstractProcessorLight.java:63)
		at org.apache.coyote.AbstractProtocol$ConnectionHandler.process(AbstractProtocol.java:903)
		at org.apache.tomcat.util.net.NioEndpoint$SocketProcessor.doRun(NioEndpoint.java:1775)
		at org.apache.tomcat.util.net.SocketProcessorBase.run(SocketProcessorBase.java:52)
		at org.apache.tomcat.util.threads.ThreadPoolExecutor.runWorker(ThreadPoolExecutor.java:973)
		at org.apache.tomcat.util.threads.ThreadPoolExecutor$Worker.run(ThreadPoolExecutor.java:491)
		at org.apache.tomcat.util.threads.TaskThread$WrappingRunnable.run(TaskThread.java:63)
		at java.base/java.lang.Thread.run(Thread.java:842)
01-Apr-2026 17:06:44.555 INFO [main] org.apache.catalina.core.ApplicationContext.log SessionListener: contextDestroyed()
01-Apr-2026 17:06:44.555 INFO [main] org.apache.catalina.core.ApplicationContext.log ContextListener: contextDestroyed()
01-Apr-2026 17:06:46.694 INFO [main] org.apache.catalina.core.ApplicationContext.log ContextListener: contextInitialized()
01-Apr-2026 17:06:46.694 INFO [main] org.apache.catalina.core.ApplicationContext.log SessionListener: contextInitialized()
01-Apr-2026 17:06:46.698 INFO [main] org.apache.catalina.core.ApplicationContext.log ContextListener: attributeAdded('StockTicker', 'async.Stockticker@675d8c96')
01-Apr-2026 17:12:06.076 INFO [main] org.apache.catalina.core.ApplicationContext.log SessionListener: contextDestroyed()
01-Apr-2026 17:12:06.077 INFO [main] org.apache.catalina.core.ApplicationContext.log ContextListener: contextDestroyed()
01-Apr-2026 17:12:09.885 INFO [main] org.apache.catalina.core.ApplicationContext.log ContextListener: contextInitialized()
01-Apr-2026 17:12:09.886 INFO [main] org.apache.catalina.core.ApplicationContext.log SessionListener: contextInitialized()
01-Apr-2026 17:12:09.889 INFO [main] org.apache.catalina.core.ApplicationContext.log ContextListener: attributeAdded('StockTicker', 'async.Stockticker@2ed3b1f5')
01-Apr-2026 17:14:01.709 INFO [main] org.apache.catalina.core.ApplicationContext.log SessionListener: contextDestroyed()
01-Apr-2026 17:14:01.710 INFO [main] org.apache.catalina.core.ApplicationContext.log ContextListener: contextDestroyed()
01-Apr-2026 17:14:04.541 INFO [main] org.apache.catalina.core.ApplicationContext.log ContextListener: contextInitialized()
01-Apr-2026 17:14:04.542 INFO [main] org.apache.catalina.core.ApplicationContext.log SessionListener: contextInitialized()
01-Apr-2026 17:14:04.544 INFO [main] org.apache.catalina.core.ApplicationContext.log ContextListener: attributeAdded('StockTicker', 'async.Stockticker@3efe7086')
01-Apr-2026 17:14:11.446 SEVERE [http-nio-8080-exec-2] org.apache.catalina.core.StandardWrapperValve.invoke Servlet.service() for servlet [Controller.LoginServlet] in context with path [/IBanking] threw exception
	java.lang.NullPointerException: Cannot invoke "Model.User.getRole()" because "user" is null
		at Controller.LoginServlet.doPost(LoginServlet.java:45)
		at jakarta.servlet.http.HttpServlet.service(HttpServlet.java:590)
		at jakarta.servlet.http.HttpServlet.service(HttpServlet.java:658)
		at org.apache.catalina.core.ApplicationFilterChain.internalDoFilter(ApplicationFilterChain.java:193)
		at org.apache.catalina.core.ApplicationFilterChain.doFilter(ApplicationFilterChain.java:138)
		at org.apache.tomcat.websocket.server.WsFilter.doFilter(WsFilter.java:51)
		at org.apache.catalina.core.ApplicationFilterChain.internalDoFilter(ApplicationFilterChain.java:162)
		at org.apache.catalina.core.ApplicationFilterChain.doFilter(ApplicationFilterChain.java:138)
		at org.apache.catalina.core.StandardWrapperValve.invoke(StandardWrapperValve.java:165)
		at org.apache.catalina.core.StandardContextValve.invoke(StandardContextValve.java:88)
		at org.apache.catalina.authenticator.AuthenticatorBase.invoke(AuthenticatorBase.java:492)
		at org.apache.catalina.core.StandardHostValve.invoke(StandardHostValve.java:113)
		at org.apache.catalina.valves.ErrorReportValve.invoke(ErrorReportValve.java:83)
		at org.apache.catalina.valves.AbstractAccessLogValve.invoke(AbstractAccessLogValve.java:654)
		at org.apache.catalina.core.StandardEngineValve.invoke(StandardEngineValve.java:72)
		at org.apache.catalina.connector.CoyoteAdapter.service(CoyoteAdapter.java:342)
		at org.apache.coyote.http11.Http11Processor.service(Http11Processor.java:399)
		at org.apache.coyote.AbstractProcessorLight.process(AbstractProcessorLight.java:63)
		at org.apache.coyote.AbstractProtocol$ConnectionHandler.process(AbstractProtocol.java:903)
		at org.apache.tomcat.util.net.NioEndpoint$SocketProcessor.doRun(NioEndpoint.java:1775)
		at org.apache.tomcat.util.net.SocketProcessorBase.run(SocketProcessorBase.java:52)
		at org.apache.tomcat.util.threads.ThreadPoolExecutor.runWorker(ThreadPoolExecutor.java:973)
		at org.apache.tomcat.util.threads.ThreadPoolExecutor$Worker.run(ThreadPoolExecutor.java:491)
		at org.apache.tomcat.util.threads.TaskThread$WrappingRunnable.run(TaskThread.java:63)
		at java.base/java.lang.Thread.run(Thread.java:842)
01-Apr-2026 17:20:05.653 SEVERE [http-nio-8080-exec-4] org.apache.catalina.core.StandardWrapperValve.invoke Servlet.service() for servlet [Controller.LoginServlet] in context with path [/IBanking] threw exception
	java.lang.NullPointerException: Cannot invoke "Model.User.getRole()" because "user" is null
		at Controller.LoginServlet.doPost(LoginServlet.java:45)
		at jakarta.servlet.http.HttpServlet.service(HttpServlet.java:590)
		at jakarta.servlet.http.HttpServlet.service(HttpServlet.java:658)
		at org.apache.catalina.core.ApplicationFilterChain.internalDoFilter(ApplicationFilterChain.java:193)
		at org.apache.catalina.core.ApplicationFilterChain.doFilter(ApplicationFilterChain.java:138)
		at org.apache.tomcat.websocket.server.WsFilter.doFilter(WsFilter.java:51)
		at org.apache.catalina.core.ApplicationFilterChain.internalDoFilter(ApplicationFilterChain.java:162)
		at org.apache.catalina.core.ApplicationFilterChain.doFilter(ApplicationFilterChain.java:138)
		at org.apache.catalina.core.StandardWrapperValve.invoke(StandardWrapperValve.java:165)
		at org.apache.catalina.core.StandardContextValve.invoke(StandardContextValve.java:88)
		at org.apache.catalina.authenticator.AuthenticatorBase.invoke(AuthenticatorBase.java:492)
		at org.apache.catalina.core.StandardHostValve.invoke(StandardHostValve.java:113)
		at org.apache.catalina.valves.ErrorReportValve.invoke(ErrorReportValve.java:83)
		at org.apache.catalina.valves.AbstractAccessLogValve.invoke(AbstractAccessLogValve.java:654)
		at org.apache.catalina.core.StandardEngineValve.invoke(StandardEngineValve.java:72)
		at org.apache.catalina.connector.CoyoteAdapter.service(CoyoteAdapter.java:342)
		at org.apache.coyote.http11.Http11Processor.service(Http11Processor.java:399)
		at org.apache.coyote.AbstractProcessorLight.process(AbstractProcessorLight.java:63)
		at org.apache.coyote.AbstractProtocol$ConnectionHandler.process(AbstractProtocol.java:903)
		at org.apache.tomcat.util.net.NioEndpoint$SocketProcessor.doRun(NioEndpoint.java:1775)
		at org.apache.tomcat.util.net.SocketProcessorBase.run(SocketProcessorBase.java:52)
		at org.apache.tomcat.util.threads.ThreadPoolExecutor.runWorker(ThreadPoolExecutor.java:973)
		at org.apache.tomcat.util.threads.ThreadPoolExecutor$Worker.run(ThreadPoolExecutor.java:491)
		at org.apache.tomcat.util.threads.TaskThread$WrappingRunnable.run(TaskThread.java:63)
		at java.base/java.lang.Thread.run(Thread.java:842)
01-Apr-2026 17:20:14.760 SEVERE [http-nio-8080-exec-6] org.apache.catalina.core.StandardWrapperValve.invoke Servlet.service() for servlet [Controller.LoginServlet] in context with path [/IBanking] threw exception
	java.lang.NullPointerException: Cannot invoke "Model.User.getRole()" because "user" is null
		at Controller.LoginServlet.doPost(LoginServlet.java:45)
		at jakarta.servlet.http.HttpServlet.service(HttpServlet.java:590)
		at jakarta.servlet.http.HttpServlet.service(HttpServlet.java:658)
		at org.apache.catalina.core.ApplicationFilterChain.internalDoFilter(ApplicationFilterChain.java:193)
		at org.apache.catalina.core.ApplicationFilterChain.doFilter(ApplicationFilterChain.java:138)
		at org.apache.tomcat.websocket.server.WsFilter.doFilter(WsFilter.java:51)
		at org.apache.catalina.core.ApplicationFilterChain.internalDoFilter(ApplicationFilterChain.java:162)
		at org.apache.catalina.core.ApplicationFilterChain.doFilter(ApplicationFilterChain.java:138)
		at org.apache.catalina.core.StandardWrapperValve.invoke(StandardWrapperValve.java:165)
		at org.apache.catalina.core.StandardContextValve.invoke(StandardContextValve.java:88)
		at org.apache.catalina.authenticator.AuthenticatorBase.invoke(AuthenticatorBase.java:492)
		at org.apache.catalina.core.StandardHostValve.invoke(StandardHostValve.java:113)
		at org.apache.catalina.valves.ErrorReportValve.invoke(ErrorReportValve.java:83)
		at org.apache.catalina.valves.AbstractAccessLogValve.invoke(AbstractAccessLogValve.java:654)
		at org.apache.catalina.core.StandardEngineValve.invoke(StandardEngineValve.java:72)
		at org.apache.catalina.connector.CoyoteAdapter.service(CoyoteAdapter.java:342)
		at org.apache.coyote.http11.Http11Processor.service(Http11Processor.java:399)
		at org.apache.coyote.AbstractProcessorLight.process(AbstractProcessorLight.java:63)
		at org.apache.coyote.AbstractProtocol$ConnectionHandler.process(AbstractProtocol.java:903)
		at org.apache.tomcat.util.net.NioEndpoint$SocketProcessor.doRun(NioEndpoint.java:1775)
		at org.apache.tomcat.util.net.SocketProcessorBase.run(SocketProcessorBase.java:52)
		at org.apache.tomcat.util.threads.ThreadPoolExecutor.runWorker(ThreadPoolExecutor.java:973)
		at org.apache.tomcat.util.threads.ThreadPoolExecutor$Worker.run(ThreadPoolExecutor.java:491)
		at org.apache.tomcat.util.threads.TaskThread$WrappingRunnable.run(TaskThread.java:63)
		at java.base/java.lang.Thread.run(Thread.java:842)
01-Apr-2026 17:23:53.626 INFO [main] org.apache.catalina.core.ApplicationContext.log SessionListener: contextDestroyed()
01-Apr-2026 17:23:53.626 INFO [main] org.apache.catalina.core.ApplicationContext.log ContextListener: contextDestroyed()
01-Apr-2026 17:23:55.552 INFO [main] org.apache.catalina.core.ApplicationContext.log ContextListener: contextInitialized()
01-Apr-2026 17:23:55.553 INFO [main] org.apache.catalina.core.ApplicationContext.log SessionListener: contextInitialized()
01-Apr-2026 17:23:55.555 INFO [main] org.apache.catalina.core.ApplicationContext.log ContextListener: attributeAdded('StockTicker', 'async.Stockticker@675d8c96')
01-Apr-2026 17:30:01.638 INFO [main] org.apache.catalina.core.ApplicationContext.log SessionListener: contextDestroyed()
01-Apr-2026 17:30:01.639 INFO [main] org.apache.catalina.core.ApplicationContext.log ContextListener: contextDestroyed()
01-Apr-2026 17:30:04.606 INFO [main] org.apache.catalina.core.ApplicationContext.log ContextListener: contextInitialized()
01-Apr-2026 17:30:04.606 INFO [main] org.apache.catalina.core.ApplicationContext.log SessionListener: contextInitialized()
01-Apr-2026 17:30:04.609 INFO [main] org.apache.catalina.core.ApplicationContext.log ContextListener: attributeAdded('StockTicker', 'async.Stockticker@741b3bc3')
01-Apr-2026 17:33:55.312 INFO [main] org.apache.catalina.core.ApplicationContext.log SessionListener: contextDestroyed()
01-Apr-2026 17:33:55.312 INFO [main] org.apache.catalina.core.ApplicationContext.log ContextListener: contextDestroyed()
01-Apr-2026 17:33:57.414 INFO [main] org.apache.catalina.core.ApplicationContext.log ContextListener: contextInitialized()
01-Apr-2026 17:33:57.415 INFO [main] org.apache.catalina.core.ApplicationContext.log SessionListener: contextInitialized()
01-Apr-2026 17:33:57.416 INFO [main] org.apache.catalina.core.ApplicationContext.log ContextListener: attributeAdded('StockTicker', 'async.Stockticker@3efe7086')
01-Apr-2026 17:44:42.639 INFO [main] org.apache.catalina.core.ApplicationContext.log SessionListener: contextDestroyed()
01-Apr-2026 17:44:42.640 INFO [main] org.apache.catalina.core.ApplicationContext.log ContextListener: contextDestroyed()
01-Apr-2026 17:44:47.008 INFO [main] org.apache.catalina.core.ApplicationContext.log ContextListener: contextInitialized()
01-Apr-2026 17:44:47.009 INFO [main] org.apache.catalina.core.ApplicationContext.log SessionListener: contextInitialized()
01-Apr-2026 17:44:47.011 INFO [main] org.apache.catalina.core.ApplicationContext.log ContextListener: attributeAdded('StockTicker', 'async.Stockticker@675d8c96')
01-Apr-2026 17:57:44.701 INFO [main] org.apache.catalina.core.ApplicationContext.log SessionListener: contextDestroyed()
01-Apr-2026 17:57:44.702 INFO [main] org.apache.catalina.core.ApplicationContext.log ContextListener: contextDestroyed()
01-Apr-2026 17:57:45.894 INFO [main] org.apache.catalina.core.ApplicationContext.log ContextListener: contextInitialized()
01-Apr-2026 17:57:45.894 INFO [main] org.apache.catalina.core.ApplicationContext.log SessionListener: contextInitialized()
01-Apr-2026 17:57:45.896 INFO [main] org.apache.catalina.core.ApplicationContext.log ContextListener: attributeAdded('StockTicker', 'async.Stockticker@675d8c96')
01-Apr-2026 18:11:44.448 INFO [main] org.apache.catalina.core.ApplicationContext.log SessionListener: contextDestroyed()
01-Apr-2026 18:11:44.448 INFO [main] org.apache.catalina.core.ApplicationContext.log ContextListener: contextDestroyed()
01-Apr-2026 18:11:47.767 INFO [main] org.apache.catalina.core.ApplicationContext.log ContextListener: contextInitialized()
01-Apr-2026 18:11:47.767 INFO [main] org.apache.catalina.core.ApplicationContext.log SessionListener: contextInitialized()
01-Apr-2026 18:11:47.769 INFO [main] org.apache.catalina.core.ApplicationContext.log ContextListener: attributeAdded('StockTicker', 'async.Stockticker@6a2c717f')
01-Apr-2026 18:12:00.122 SEVERE [http-nio-8080-exec-4] org.apache.catalina.core.ApplicationDispatcher.invoke Servlet.service() for servlet [jsp] threw exception
	org.apache.jasper.JasperException: The absolute uri: [http://java.sun.com/jsp/jstl/core] cannot be resolved in either web.xml or the jar files deployed with this application
		at org.apache.jasper.compiler.DefaultErrorHandler.jspError(DefaultErrorHandler.java:35)
		at org.apache.jasper.compiler.ErrorDispatcher.dispatch(ErrorDispatcher.java:267)
		at org.apache.jasper.compiler.ErrorDispatcher.jspError(ErrorDispatcher.java:74)
		at org.apache.jasper.compiler.TagLibraryInfoImpl.generateTldResourcePath(TagLibraryInfoImpl.java:242)
		at org.apache.jasper.compiler.TagLibraryInfoImpl.<init>(TagLibraryInfoImpl.java:116)
		at org.apache.jasper.compiler.Parser.parseTaglibDirective(Parser.java:405)
		at org.apache.jasper.compiler.Parser.parseDirective(Parser.java:458)
		at org.apache.jasper.compiler.Parser.parseElements(Parser.java:1348)
		at org.apache.jasper.compiler.Parser.parse(Parser.java:127)
		at org.apache.jasper.compiler.ParserController.doParse(ParserController.java:240)
		at org.apache.jasper.compiler.ParserController.parse(ParserController.java:103)
		at org.apache.jasper.compiler.Compiler.generateJava(Compiler.java:188)
		at org.apache.jasper.compiler.Compiler.compile(Compiler.java:361)
		at org.apache.jasper.compiler.Compiler.compile(Compiler.java:339)
		at org.apache.jasper.compiler.Compiler.compile(Compiler.java:325)
		at org.apache.jasper.JspCompilationContext.compile(JspCompilationContext.java:586)
		at org.apache.jasper.servlet.JspServletWrapper.service(JspServletWrapper.java:368)
		at org.apache.jasper.servlet.JspServlet.serviceJspFile(JspServlet.java:350)
		at org.apache.jasper.servlet.JspServlet.service(JspServlet.java:301)
		at jakarta.servlet.http.HttpServlet.service(HttpServlet.java:658)
		at org.apache.catalina.core.ApplicationFilterChain.internalDoFilter(ApplicationFilterChain.java:193)
		at org.apache.catalina.core.ApplicationFilterChain.doFilter(ApplicationFilterChain.java:138)
		at org.apache.tomcat.websocket.server.WsFilter.doFilter(WsFilter.java:51)
		at org.apache.catalina.core.ApplicationFilterChain.internalDoFilter(ApplicationFilterChain.java:162)
		at org.apache.catalina.core.ApplicationFilterChain.doFilter(ApplicationFilterChain.java:138)
		at org.apache.catalina.core.ApplicationDispatcher.invoke(ApplicationDispatcher.java:610)
		at org.apache.catalina.core.ApplicationDispatcher.processRequest(ApplicationDispatcher.java:392)
		at org.apache.catalina.core.ApplicationDispatcher.doForward(ApplicationDispatcher.java:321)
		at org.apache.catalina.core.ApplicationDispatcher.forward(ApplicationDispatcher.java:266)
		at Controller.HomeServlet.doGet(HomeServlet.java:51)
		at jakarta.servlet.http.HttpServlet.service(HttpServlet.java:564)
		at jakarta.servlet.http.HttpServlet.service(HttpServlet.java:658)
		at org.apache.catalina.core.ApplicationFilterChain.internalDoFilter(ApplicationFilterChain.java:193)
		at org.apache.catalina.core.ApplicationFilterChain.doFilter(ApplicationFilterChain.java:138)
		at org.apache.tomcat.websocket.server.WsFilter.doFilter(WsFilter.java:51)
		at org.apache.catalina.core.ApplicationFilterChain.internalDoFilter(ApplicationFilterChain.java:162)
		at org.apache.catalina.core.ApplicationFilterChain.doFilter(ApplicationFilterChain.java:138)
		at org.apache.catalina.core.StandardWrapperValve.invoke(StandardWrapperValve.java:165)
		at org.apache.catalina.core.StandardContextValve.invoke(StandardContextValve.java:88)
		at org.apache.catalina.authenticator.AuthenticatorBase.invoke(AuthenticatorBase.java:492)
		at org.apache.catalina.core.StandardHostValve.invoke(StandardHostValve.java:113)
		at org.apache.catalina.valves.ErrorReportValve.invoke(ErrorReportValve.java:83)
		at org.apache.catalina.valves.AbstractAccessLogValve.invoke(AbstractAccessLogValve.java:654)
		at org.apache.catalina.core.StandardEngineValve.invoke(StandardEngineValve.java:72)
		at org.apache.catalina.connector.CoyoteAdapter.service(CoyoteAdapter.java:342)
		at org.apache.coyote.http11.Http11Processor.service(Http11Processor.java:399)
		at org.apache.coyote.AbstractProcessorLight.process(AbstractProcessorLight.java:63)
		at org.apache.coyote.AbstractProtocol$ConnectionHandler.process(AbstractProtocol.java:903)
		at org.apache.tomcat.util.net.NioEndpoint$SocketProcessor.doRun(NioEndpoint.java:1775)
		at org.apache.tomcat.util.net.SocketProcessorBase.run(SocketProcessorBase.java:52)
		at org.apache.tomcat.util.threads.ThreadPoolExecutor.runWorker(ThreadPoolExecutor.java:973)
		at org.apache.tomcat.util.threads.ThreadPoolExecutor$Worker.run(ThreadPoolExecutor.java:491)
		at org.apache.tomcat.util.threads.TaskThread$WrappingRunnable.run(TaskThread.java:63)
		at java.base/java.lang.Thread.run(Thread.java:842)
01-Apr-2026 18:12:00.122 SEVERE [http-nio-8080-exec-4] org.apache.catalina.core.StandardWrapperValve.invoke Servlet.service() for servlet [Controller.HomeServlet] in context with path [/IBanking] threw exception [org.apache.jasper.JasperException: The absolute uri: [http://java.sun.com/jsp/jstl/core] cannot be resolved in either web.xml or the jar files deployed with this application] with root cause
	org.apache.jasper.JasperException: The absolute uri: [http://java.sun.com/jsp/jstl/core] cannot be resolved in either web.xml or the jar files deployed with this application
		at org.apache.jasper.compiler.DefaultErrorHandler.jspError(DefaultErrorHandler.java:35)
		at org.apache.jasper.compiler.ErrorDispatcher.dispatch(ErrorDispatcher.java:267)
		at org.apache.jasper.compiler.ErrorDispatcher.jspError(ErrorDispatcher.java:74)
		at org.apache.jasper.compiler.TagLibraryInfoImpl.generateTldResourcePath(TagLibraryInfoImpl.java:242)
		at org.apache.jasper.compiler.TagLibraryInfoImpl.<init>(TagLibraryInfoImpl.java:116)
		at org.apache.jasper.compiler.Parser.parseTaglibDirective(Parser.java:405)
		at org.apache.jasper.compiler.Parser.parseDirective(Parser.java:458)
		at org.apache.jasper.compiler.Parser.parseElements(Parser.java:1348)
		at org.apache.jasper.compiler.Parser.parse(Parser.java:127)
		at org.apache.jasper.compiler.ParserController.doParse(ParserController.java:240)
		at org.apache.jasper.compiler.ParserController.parse(ParserController.java:103)
		at org.apache.jasper.compiler.Compiler.generateJava(Compiler.java:188)
		at org.apache.jasper.compiler.Compiler.compile(Compiler.java:361)
		at org.apache.jasper.compiler.Compiler.compile(Compiler.java:339)
		at org.apache.jasper.compiler.Compiler.compile(Compiler.java:325)
		at org.apache.jasper.JspCompilationContext.compile(JspCompilationContext.java:586)
		at org.apache.jasper.servlet.JspServletWrapper.service(JspServletWrapper.java:368)
		at org.apache.jasper.servlet.JspServlet.serviceJspFile(JspServlet.java:350)
		at org.apache.jasper.servlet.JspServlet.service(JspServlet.java:301)
		at jakarta.servlet.http.HttpServlet.service(HttpServlet.java:658)
		at org.apache.catalina.core.ApplicationFilterChain.internalDoFilter(ApplicationFilterChain.java:193)
		at org.apache.catalina.core.ApplicationFilterChain.doFilter(ApplicationFilterChain.java:138)
		at org.apache.tomcat.websocket.server.WsFilter.doFilter(WsFilter.java:51)
		at org.apache.catalina.core.ApplicationFilterChain.internalDoFilter(ApplicationFilterChain.java:162)
		at org.apache.catalina.core.ApplicationFilterChain.doFilter(ApplicationFilterChain.java:138)
		at org.apache.catalina.core.ApplicationDispatcher.invoke(ApplicationDispatcher.java:610)
		at org.apache.catalina.core.ApplicationDispatcher.processRequest(ApplicationDispatcher.java:392)
		at org.apache.catalina.core.ApplicationDispatcher.doForward(ApplicationDispatcher.java:321)
		at org.apache.catalina.core.ApplicationDispatcher.forward(ApplicationDispatcher.java:266)
		at Controller.HomeServlet.doGet(HomeServlet.java:51)
		at jakarta.servlet.http.HttpServlet.service(HttpServlet.java:564)
		at jakarta.servlet.http.HttpServlet.service(HttpServlet.java:658)
		at org.apache.catalina.core.ApplicationFilterChain.internalDoFilter(ApplicationFilterChain.java:193)
		at org.apache.catalina.core.ApplicationFilterChain.doFilter(ApplicationFilterChain.java:138)
		at org.apache.tomcat.websocket.server.WsFilter.doFilter(WsFilter.java:51)
		at org.apache.catalina.core.ApplicationFilterChain.internalDoFilter(ApplicationFilterChain.java:162)
		at org.apache.catalina.core.ApplicationFilterChain.doFilter(ApplicationFilterChain.java:138)
		at org.apache.catalina.core.StandardWrapperValve.invoke(StandardWrapperValve.java:165)
		at org.apache.catalina.core.StandardContextValve.invoke(StandardContextValve.java:88)
		at org.apache.catalina.authenticator.AuthenticatorBase.invoke(AuthenticatorBase.java:492)
		at org.apache.catalina.core.StandardHostValve.invoke(StandardHostValve.java:113)
		at org.apache.catalina.valves.ErrorReportValve.invoke(ErrorReportValve.java:83)
		at org.apache.catalina.valves.AbstractAccessLogValve.invoke(AbstractAccessLogValve.java:654)
		at org.apache.catalina.core.StandardEngineValve.invoke(StandardEngineValve.java:72)
		at org.apache.catalina.connector.CoyoteAdapter.service(CoyoteAdapter.java:342)
		at org.apache.coyote.http11.Http11Processor.service(Http11Processor.java:399)
		at org.apache.coyote.AbstractProcessorLight.process(AbstractProcessorLight.java:63)
		at org.apache.coyote.AbstractProtocol$ConnectionHandler.process(AbstractProtocol.java:903)
		at org.apache.tomcat.util.net.NioEndpoint$SocketProcessor.doRun(NioEndpoint.java:1775)
		at org.apache.tomcat.util.net.SocketProcessorBase.run(SocketProcessorBase.java:52)
		at org.apache.tomcat.util.threads.ThreadPoolExecutor.runWorker(ThreadPoolExecutor.java:973)
		at org.apache.tomcat.util.threads.ThreadPoolExecutor$Worker.run(ThreadPoolExecutor.java:491)
		at org.apache.tomcat.util.threads.TaskThread$WrappingRunnable.run(TaskThread.java:63)
		at java.base/java.lang.Thread.run(Thread.java:842)
01-Apr-2026 18:28:41.201 INFO [main] org.apache.catalina.core.ApplicationContext.log SessionListener: contextDestroyed()
01-Apr-2026 18:28:41.201 INFO [main] org.apache.catalina.core.ApplicationContext.log ContextListener: contextDestroyed()
01-Apr-2026 18:28:44.354 INFO [main] org.apache.catalina.core.ApplicationContext.log ContextListener: contextInitialized()
01-Apr-2026 18:28:44.355 INFO [main] org.apache.catalina.core.ApplicationContext.log SessionListener: contextInitialized()
01-Apr-2026 18:28:44.359 INFO [main] org.apache.catalina.core.ApplicationContext.log ContextListener: attributeAdded('StockTicker', 'async.Stockticker@3ccfac29')
01-Apr-2026 18:28:59.106 SEVERE [http-nio-8080-exec-4] org.apache.catalina.core.ApplicationDispatcher.invoke Servlet.service() for servlet [jsp] threw exception
	org.apache.jasper.JasperException: /home.jsp (line: [105], column: [16]) The end tag "&lt;/c:choose" is unbalanced
		at org.apache.jasper.compiler.DefaultErrorHandler.jspError(DefaultErrorHandler.java:29)
		at org.apache.jasper.compiler.ErrorDispatcher.dispatch(ErrorDispatcher.java:265)
		at org.apache.jasper.compiler.ErrorDispatcher.jspError(ErrorDispatcher.java:88)
		at org.apache.jasper.compiler.Parser.checkUnbalancedEndTag(Parser.java:1489)
		at org.apache.jasper.compiler.Parser.parseElements(Parser.java:1372)
		at org.apache.jasper.compiler.Parser.parseBody(Parser.java:1556)
		at org.apache.jasper.compiler.Parser.parseOptionalBody(Parser.java:940)
		at org.apache.jasper.compiler.Parser.parseCustomTag(Parser.java:1200)
		at org.apache.jasper.compiler.Parser.parseElements(Parser.java:1371)
		at org.apache.jasper.compiler.Parser.parseBody(Parser.java:1556)
		at org.apache.jasper.compiler.Parser.parseOptionalBody(Parser.java:940)
		at org.apache.jasper.compiler.Parser.parseCustomTag(Parser.java:1200)
		at org.apache.jasper.compiler.Parser.parseElements(Parser.java:1371)
		at org.apache.jasper.compiler.Parser.parse(Parser.java:127)
		at org.apache.jasper.compiler.ParserController.doParse(ParserController.java:240)
		at org.apache.jasper.compiler.ParserController.parse(ParserController.java:103)
		at org.apache.jasper.compiler.Compiler.generateJava(Compiler.java:188)
		at org.apache.jasper.compiler.Compiler.compile(Compiler.java:361)
		at org.apache.jasper.compiler.Compiler.compile(Compiler.java:339)
		at org.apache.jasper.compiler.Compiler.compile(Compiler.java:325)
		at org.apache.jasper.JspCompilationContext.compile(JspCompilationContext.java:586)
		at org.apache.jasper.servlet.JspServletWrapper.service(JspServletWrapper.java:368)
		at org.apache.jasper.servlet.JspServlet.serviceJspFile(JspServlet.java:350)
		at org.apache.jasper.servlet.JspServlet.service(JspServlet.java:301)
		at jakarta.servlet.http.HttpServlet.service(HttpServlet.java:658)
		at org.apache.catalina.core.ApplicationFilterChain.internalDoFilter(ApplicationFilterChain.java:193)
		at org.apache.catalina.core.ApplicationFilterChain.doFilter(ApplicationFilterChain.java:138)
		at org.apache.tomcat.websocket.server.WsFilter.doFilter(WsFilter.java:51)
		at org.apache.catalina.core.ApplicationFilterChain.internalDoFilter(ApplicationFilterChain.java:162)
		at org.apache.catalina.core.ApplicationFilterChain.doFilter(ApplicationFilterChain.java:138)
		at org.apache.catalina.core.ApplicationDispatcher.invoke(ApplicationDispatcher.java:610)
		at org.apache.catalina.core.ApplicationDispatcher.processRequest(ApplicationDispatcher.java:392)
		at org.apache.catalina.core.ApplicationDispatcher.doForward(ApplicationDispatcher.java:321)
		at org.apache.catalina.core.ApplicationDispatcher.forward(ApplicationDispatcher.java:266)
		at Controller.HomeServlet.doGet(HomeServlet.java:51)
		at jakarta.servlet.http.HttpServlet.service(HttpServlet.java:564)
		at jakarta.servlet.http.HttpServlet.service(HttpServlet.java:658)
		at org.apache.catalina.core.ApplicationFilterChain.internalDoFilter(ApplicationFilterChain.java:193)
		at org.apache.catalina.core.ApplicationFilterChain.doFilter(ApplicationFilterChain.java:138)
		at org.apache.tomcat.websocket.server.WsFilter.doFilter(WsFilter.java:51)
		at org.apache.catalina.core.ApplicationFilterChain.internalDoFilter(ApplicationFilterChain.java:162)
		at org.apache.catalina.core.ApplicationFilterChain.doFilter(ApplicationFilterChain.java:138)
		at org.apache.catalina.core.StandardWrapperValve.invoke(StandardWrapperValve.java:165)
		at org.apache.catalina.core.StandardContextValve.invoke(StandardContextValve.java:88)
		at org.apache.catalina.authenticator.AuthenticatorBase.invoke(AuthenticatorBase.java:492)
		at org.apache.catalina.core.StandardHostValve.invoke(StandardHostValve.java:113)
		at org.apache.catalina.valves.ErrorReportValve.invoke(ErrorReportValve.java:83)
		at org.apache.catalina.valves.AbstractAccessLogValve.invoke(AbstractAccessLogValve.java:654)
		at org.apache.catalina.core.StandardEngineValve.invoke(StandardEngineValve.java:72)
		at org.apache.catalina.connector.CoyoteAdapter.service(CoyoteAdapter.java:342)
		at org.apache.coyote.http11.Http11Processor.service(Http11Processor.java:399)
		at org.apache.coyote.AbstractProcessorLight.process(AbstractProcessorLight.java:63)
		at org.apache.coyote.AbstractProtocol$ConnectionHandler.process(AbstractProtocol.java:903)
		at org.apache.tomcat.util.net.NioEndpoint$SocketProcessor.doRun(NioEndpoint.java:1775)
		at org.apache.tomcat.util.net.SocketProcessorBase.run(SocketProcessorBase.java:52)
		at org.apache.tomcat.util.threads.ThreadPoolExecutor.runWorker(ThreadPoolExecutor.java:973)
		at org.apache.tomcat.util.threads.ThreadPoolExecutor$Worker.run(ThreadPoolExecutor.java:491)
		at org.apache.tomcat.util.threads.TaskThread$WrappingRunnable.run(TaskThread.java:63)
		at java.base/java.lang.Thread.run(Thread.java:842)
01-Apr-2026 18:28:59.106 SEVERE [http-nio-8080-exec-4] org.apache.catalina.core.StandardWrapperValve.invoke Servlet.service() for servlet [Controller.HomeServlet] in context with path [/IBanking] threw exception [org.apache.jasper.JasperException: /home.jsp (line: [105], column: [16]) The end tag "&lt;/c:choose" is unbalanced] with root cause
	org.apache.jasper.JasperException: /home.jsp (line: [105], column: [16]) The end tag "&lt;/c:choose" is unbalanced
		at org.apache.jasper.compiler.DefaultErrorHandler.jspError(DefaultErrorHandler.java:29)
		at org.apache.jasper.compiler.ErrorDispatcher.dispatch(ErrorDispatcher.java:265)
		at org.apache.jasper.compiler.ErrorDispatcher.jspError(ErrorDispatcher.java:88)
		at org.apache.jasper.compiler.Parser.checkUnbalancedEndTag(Parser.java:1489)
		at org.apache.jasper.compiler.Parser.parseElements(Parser.java:1372)
		at org.apache.jasper.compiler.Parser.parseBody(Parser.java:1556)
		at org.apache.jasper.compiler.Parser.parseOptionalBody(Parser.java:940)
		at org.apache.jasper.compiler.Parser.parseCustomTag(Parser.java:1200)
		at org.apache.jasper.compiler.Parser.parseElements(Parser.java:1371)
		at org.apache.jasper.compiler.Parser.parseBody(Parser.java:1556)
		at org.apache.jasper.compiler.Parser.parseOptionalBody(Parser.java:940)
		at org.apache.jasper.compiler.Parser.parseCustomTag(Parser.java:1200)
		at org.apache.jasper.compiler.Parser.parseElements(Parser.java:1371)
		at org.apache.jasper.compiler.Parser.parse(Parser.java:127)
		at org.apache.jasper.compiler.ParserController.doParse(ParserController.java:240)
		at org.apache.jasper.compiler.ParserController.parse(ParserController.java:103)
		at org.apache.jasper.compiler.Compiler.generateJava(Compiler.java:188)
		at org.apache.jasper.compiler.Compiler.compile(Compiler.java:361)
		at org.apache.jasper.compiler.Compiler.compile(Compiler.java:339)
		at org.apache.jasper.compiler.Compiler.compile(Compiler.java:325)
		at org.apache.jasper.JspCompilationContext.compile(JspCompilationContext.java:586)
		at org.apache.jasper.servlet.JspServletWrapper.service(JspServletWrapper.java:368)
		at org.apache.jasper.servlet.JspServlet.serviceJspFile(JspServlet.java:350)
		at org.apache.jasper.servlet.JspServlet.service(JspServlet.java:301)
		at jakarta.servlet.http.HttpServlet.service(HttpServlet.java:658)
		at org.apache.catalina.core.ApplicationFilterChain.internalDoFilter(ApplicationFilterChain.java:193)
		at org.apache.catalina.core.ApplicationFilterChain.doFilter(ApplicationFilterChain.java:138)
		at org.apache.tomcat.websocket.server.WsFilter.doFilter(WsFilter.java:51)
		at org.apache.catalina.core.ApplicationFilterChain.internalDoFilter(ApplicationFilterChain.java:162)
		at org.apache.catalina.core.ApplicationFilterChain.doFilter(ApplicationFilterChain.java:138)
		at org.apache.catalina.core.ApplicationDispatcher.invoke(ApplicationDispatcher.java:610)
		at org.apache.catalina.core.ApplicationDispatcher.processRequest(ApplicationDispatcher.java:392)
		at org.apache.catalina.core.ApplicationDispatcher.doForward(ApplicationDispatcher.java:321)
		at org.apache.catalina.core.ApplicationDispatcher.forward(ApplicationDispatcher.java:266)
		at Controller.HomeServlet.doGet(HomeServlet.java:51)
		at jakarta.servlet.http.HttpServlet.service(HttpServlet.java:564)
		at jakarta.servlet.http.HttpServlet.service(HttpServlet.java:658)
		at org.apache.catalina.core.ApplicationFilterChain.internalDoFilter(ApplicationFilterChain.java:193)
		at org.apache.catalina.core.ApplicationFilterChain.doFilter(ApplicationFilterChain.java:138)
		at org.apache.tomcat.websocket.server.WsFilter.doFilter(WsFilter.java:51)
		at org.apache.catalina.core.ApplicationFilterChain.internalDoFilter(ApplicationFilterChain.java:162)
		at org.apache.catalina.core.ApplicationFilterChain.doFilter(ApplicationFilterChain.java:138)
		at org.apache.catalina.core.StandardWrapperValve.invoke(StandardWrapperValve.java:165)
		at org.apache.catalina.core.StandardContextValve.invoke(StandardContextValve.java:88)
		at org.apache.catalina.authenticator.AuthenticatorBase.invoke(AuthenticatorBase.java:492)
		at org.apache.catalina.core.StandardHostValve.invoke(StandardHostValve.java:113)
		at org.apache.catalina.valves.ErrorReportValve.invoke(ErrorReportValve.java:83)
		at org.apache.catalina.valves.AbstractAccessLogValve.invoke(AbstractAccessLogValve.java:654)
		at org.apache.catalina.core.StandardEngineValve.invoke(StandardEngineValve.java:72)
		at org.apache.catalina.connector.CoyoteAdapter.service(CoyoteAdapter.java:342)
		at org.apache.coyote.http11.Http11Processor.service(Http11Processor.java:399)
		at org.apache.coyote.AbstractProcessorLight.process(AbstractProcessorLight.java:63)
		at org.apache.coyote.AbstractProtocol$ConnectionHandler.process(AbstractProtocol.java:903)
		at org.apache.tomcat.util.net.NioEndpoint$SocketProcessor.doRun(NioEndpoint.java:1775)
		at org.apache.tomcat.util.net.SocketProcessorBase.run(SocketProcessorBase.java:52)
		at org.apache.tomcat.util.threads.ThreadPoolExecutor.runWorker(ThreadPoolExecutor.java:973)
		at org.apache.tomcat.util.threads.ThreadPoolExecutor$Worker.run(ThreadPoolExecutor.java:491)
		at org.apache.tomcat.util.threads.TaskThread$WrappingRunnable.run(TaskThread.java:63)
		at java.base/java.lang.Thread.run(Thread.java:842)
01-Apr-2026 18:32:01.322 INFO [main] org.apache.catalina.core.ApplicationContext.log SessionListener: contextDestroyed()
01-Apr-2026 18:32:01.324 INFO [main] org.apache.catalina.core.ApplicationContext.log ContextListener: contextDestroyed()
01-Apr-2026 18:32:05.598 INFO [main] org.apache.catalina.core.ApplicationContext.log ContextListener: contextInitialized()
01-Apr-2026 18:32:05.599 INFO [main] org.apache.catalina.core.ApplicationContext.log SessionListener: contextInitialized()
01-Apr-2026 18:32:05.605 INFO [main] org.apache.catalina.core.ApplicationContext.log ContextListener: attributeAdded('StockTicker', 'async.Stockticker@77ea960f')
01-Apr-2026 18:32:24.293 SEVERE [http-nio-8080-exec-1] org.apache.catalina.core.ApplicationDispatcher.invoke Servlet.service() for servlet [jsp] threw exception
	org.apache.jasper.JasperException: <h3>Validation error messages from TagLibraryValidator for [c] in [/home.jsp]</h3><p>39: Illegal text inside "c:choose" tag: "<option...".</p><p>39: Illegal text inside "c:choose" tag: "</optio...".</p>
		at org.apache.jasper.compiler.DefaultErrorHandler.jspError(DefaultErrorHandler.java:35)
		at org.apache.jasper.compiler.ErrorDispatcher.dispatch(ErrorDispatcher.java:267)
		at org.apache.jasper.compiler.ErrorDispatcher.jspError(ErrorDispatcher.java:74)
		at org.apache.jasper.compiler.Validator.validateXmlView(Validator.java:1698)
		at org.apache.jasper.compiler.Validator.validateExDirectives(Validator.java:1648)
		at org.apache.jasper.compiler.Compiler.generateJava(Compiler.java:205)
		at org.apache.jasper.compiler.Compiler.compile(Compiler.java:361)
		at org.apache.jasper.compiler.Compiler.compile(Compiler.java:339)
		at org.apache.jasper.compiler.Compiler.compile(Compiler.java:325)
		at org.apache.jasper.JspCompilationContext.compile(JspCompilationContext.java:586)
		at org.apache.jasper.servlet.JspServletWrapper.service(JspServletWrapper.java:368)
		at org.apache.jasper.servlet.JspServlet.serviceJspFile(JspServlet.java:350)
		at org.apache.jasper.servlet.JspServlet.service(JspServlet.java:301)
		at jakarta.servlet.http.HttpServlet.service(HttpServlet.java:658)
		at org.apache.catalina.core.ApplicationFilterChain.internalDoFilter(ApplicationFilterChain.java:193)
		at org.apache.catalina.core.ApplicationFilterChain.doFilter(ApplicationFilterChain.java:138)
		at org.apache.tomcat.websocket.server.WsFilter.doFilter(WsFilter.java:51)
		at org.apache.catalina.core.ApplicationFilterChain.internalDoFilter(ApplicationFilterChain.java:162)
		at org.apache.catalina.core.ApplicationFilterChain.doFilter(ApplicationFilterChain.java:138)
		at org.apache.catalina.core.ApplicationDispatcher.invoke(ApplicationDispatcher.java:610)
		at org.apache.catalina.core.ApplicationDispatcher.processRequest(ApplicationDispatcher.java:392)
		at org.apache.catalina.core.ApplicationDispatcher.doForward(ApplicationDispatcher.java:321)
		at org.apache.catalina.core.ApplicationDispatcher.forward(ApplicationDispatcher.java:266)
		at Controller.HomeServlet.doGet(HomeServlet.java:51)
		at jakarta.servlet.http.HttpServlet.service(HttpServlet.java:564)
		at jakarta.servlet.http.HttpServlet.service(HttpServlet.java:658)
		at org.apache.catalina.core.ApplicationFilterChain.internalDoFilter(ApplicationFilterChain.java:193)
		at org.apache.catalina.core.ApplicationFilterChain.doFilter(ApplicationFilterChain.java:138)
		at org.apache.tomcat.websocket.server.WsFilter.doFilter(WsFilter.java:51)
		at org.apache.catalina.core.ApplicationFilterChain.internalDoFilter(ApplicationFilterChain.java:162)
		at org.apache.catalina.core.ApplicationFilterChain.doFilter(ApplicationFilterChain.java:138)
		at org.apache.catalina.core.StandardWrapperValve.invoke(StandardWrapperValve.java:165)
		at org.apache.catalina.core.StandardContextValve.invoke(StandardContextValve.java:88)
		at org.apache.catalina.authenticator.AuthenticatorBase.invoke(AuthenticatorBase.java:492)
		at org.apache.catalina.core.StandardHostValve.invoke(StandardHostValve.java:113)
		at org.apache.catalina.valves.ErrorReportValve.invoke(ErrorReportValve.java:83)
		at org.apache.catalina.valves.AbstractAccessLogValve.invoke(AbstractAccessLogValve.java:654)
		at org.apache.catalina.core.StandardEngineValve.invoke(StandardEngineValve.java:72)
		at org.apache.catalina.connector.CoyoteAdapter.service(CoyoteAdapter.java:342)
		at org.apache.coyote.http11.Http11Processor.service(Http11Processor.java:399)
		at org.apache.coyote.AbstractProcessorLight.process(AbstractProcessorLight.java:63)
		at org.apache.coyote.AbstractProtocol$ConnectionHandler.process(AbstractProtocol.java:903)
		at org.apache.tomcat.util.net.NioEndpoint$SocketProcessor.doRun(NioEndpoint.java:1775)
		at org.apache.tomcat.util.net.SocketProcessorBase.run(SocketProcessorBase.java:52)
		at org.apache.tomcat.util.threads.ThreadPoolExecutor.runWorker(ThreadPoolExecutor.java:973)
		at org.apache.tomcat.util.threads.ThreadPoolExecutor$Worker.run(ThreadPoolExecutor.java:491)
		at org.apache.tomcat.util.threads.TaskThread$WrappingRunnable.run(TaskThread.java:63)
		at java.base/java.lang.Thread.run(Thread.java:842)
01-Apr-2026 18:32:24.293 SEVERE [http-nio-8080-exec-1] org.apache.catalina.core.StandardWrapperValve.invoke Servlet.service() for servlet [Controller.HomeServlet] in context with path [/IBanking] threw exception [org.apache.jasper.JasperException: <h3>Validation error messages from TagLibraryValidator for [c] in [/home.jsp]</h3><p>39: Illegal text inside "c:choose" tag: "<option...".</p><p>39: Illegal text inside "c:choose" tag: "</optio...".</p>] with root cause
	org.apache.jasper.JasperException: <h3>Validation error messages from TagLibraryValidator for [c] in [/home.jsp]</h3><p>39: Illegal text inside "c:choose" tag: "<option...".</p><p>39: Illegal text inside "c:choose" tag: "</optio...".</p>
		at org.apache.jasper.compiler.DefaultErrorHandler.jspError(DefaultErrorHandler.java:35)
		at org.apache.jasper.compiler.ErrorDispatcher.dispatch(ErrorDispatcher.java:267)
		at org.apache.jasper.compiler.ErrorDispatcher.jspError(ErrorDispatcher.java:74)
		at org.apache.jasper.compiler.Validator.validateXmlView(Validator.java:1698)
		at org.apache.jasper.compiler.Validator.validateExDirectives(Validator.java:1648)
		at org.apache.jasper.compiler.Compiler.generateJava(Compiler.java:205)
		at org.apache.jasper.compiler.Compiler.compile(Compiler.java:361)
		at org.apache.jasper.compiler.Compiler.compile(Compiler.java:339)
		at org.apache.jasper.compiler.Compiler.compile(Compiler.java:325)
		at org.apache.jasper.JspCompilationContext.compile(JspCompilationContext.java:586)
		at org.apache.jasper.servlet.JspServletWrapper.service(JspServletWrapper.java:368)
		at org.apache.jasper.servlet.JspServlet.serviceJspFile(JspServlet.java:350)
		at org.apache.jasper.servlet.JspServlet.service(JspServlet.java:301)
		at jakarta.servlet.http.HttpServlet.service(HttpServlet.java:658)
		at org.apache.catalina.core.ApplicationFilterChain.internalDoFilter(ApplicationFilterChain.java:193)
		at org.apache.catalina.core.ApplicationFilterChain.doFilter(ApplicationFilterChain.java:138)
		at org.apache.tomcat.websocket.server.WsFilter.doFilter(WsFilter.java:51)
		at org.apache.catalina.core.ApplicationFilterChain.internalDoFilter(ApplicationFilterChain.java:162)
		at org.apache.catalina.core.ApplicationFilterChain.doFilter(ApplicationFilterChain.java:138)
		at org.apache.catalina.core.ApplicationDispatcher.invoke(ApplicationDispatcher.java:610)
		at org.apache.catalina.core.ApplicationDispatcher.processRequest(ApplicationDispatcher.java:392)
		at org.apache.catalina.core.ApplicationDispatcher.doForward(ApplicationDispatcher.java:321)
		at org.apache.catalina.core.ApplicationDispatcher.forward(ApplicationDispatcher.java:266)
		at Controller.HomeServlet.doGet(HomeServlet.java:51)
		at jakarta.servlet.http.HttpServlet.service(HttpServlet.java:564)
		at jakarta.servlet.http.HttpServlet.service(HttpServlet.java:658)
		at org.apache.catalina.core.ApplicationFilterChain.internalDoFilter(ApplicationFilterChain.java:193)
		at org.apache.catalina.core.ApplicationFilterChain.doFilter(ApplicationFilterChain.java:138)
		at org.apache.tomcat.websocket.server.WsFilter.doFilter(WsFilter.java:51)
		at org.apache.catalina.core.ApplicationFilterChain.internalDoFilter(ApplicationFilterChain.java:162)
		at org.apache.catalina.core.ApplicationFilterChain.doFilter(ApplicationFilterChain.java:138)
		at org.apache.catalina.core.StandardWrapperValve.invoke(StandardWrapperValve.java:165)
		at org.apache.catalina.core.StandardContextValve.invoke(StandardContextValve.java:88)
		at org.apache.catalina.authenticator.AuthenticatorBase.invoke(AuthenticatorBase.java:492)
		at org.apache.catalina.core.StandardHostValve.invoke(StandardHostValve.java:113)
		at org.apache.catalina.valves.ErrorReportValve.invoke(ErrorReportValve.java:83)
		at org.apache.catalina.valves.AbstractAccessLogValve.invoke(AbstractAccessLogValve.java:654)
		at org.apache.catalina.core.StandardEngineValve.invoke(StandardEngineValve.java:72)
		at org.apache.catalina.connector.CoyoteAdapter.service(CoyoteAdapter.java:342)
		at org.apache.coyote.http11.Http11Processor.service(Http11Processor.java:399)
		at org.apache.coyote.AbstractProcessorLight.process(AbstractProcessorLight.java:63)
		at org.apache.coyote.AbstractProtocol$ConnectionHandler.process(AbstractProtocol.java:903)
		at org.apache.tomcat.util.net.NioEndpoint$SocketProcessor.doRun(NioEndpoint.java:1775)
		at org.apache.tomcat.util.net.SocketProcessorBase.run(SocketProcessorBase.java:52)
		at org.apache.tomcat.util.threads.ThreadPoolExecutor.runWorker(ThreadPoolExecutor.java:973)
		at org.apache.tomcat.util.threads.ThreadPoolExecutor$Worker.run(ThreadPoolExecutor.java:491)
		at org.apache.tomcat.util.threads.TaskThread$WrappingRunnable.run(TaskThread.java:63)
		at java.base/java.lang.Thread.run(Thread.java:842)
01-Apr-2026 18:35:31.796 INFO [main] org.apache.catalina.core.ApplicationContext.log SessionListener: contextDestroyed()
01-Apr-2026 18:35:31.796 INFO [main] org.apache.catalina.core.ApplicationContext.log ContextListener: contextDestroyed()
01-Apr-2026 18:35:35.807 INFO [main] org.apache.catalina.core.ApplicationContext.log ContextListener: contextInitialized()
01-Apr-2026 18:35:35.808 INFO [main] org.apache.catalina.core.ApplicationContext.log SessionListener: contextInitialized()
01-Apr-2026 18:35:35.813 INFO [main] org.apache.catalina.core.ApplicationContext.log ContextListener: attributeAdded('StockTicker', 'async.Stockticker@77ea960f')
01-Apr-2026 18:37:30.866 SEVERE [http-nio-8080-exec-1] org.apache.catalina.core.StandardWrapperValve.invoke Servlet.service() for servlet [Controller.TransferServlet] in context with path [/IBanking] threw exception
	java.lang.NullPointerException: Cannot invoke "Object.equals(Object)" because "receiveAcc" is null
		at Controller.TransferServlet.doPost(TransferServlet.java:38)
		at jakarta.servlet.http.HttpServlet.service(HttpServlet.java:590)
		at jakarta.servlet.http.HttpServlet.service(HttpServlet.java:658)
		at org.apache.catalina.core.ApplicationFilterChain.internalDoFilter(ApplicationFilterChain.java:193)
		at org.apache.catalina.core.ApplicationFilterChain.doFilter(ApplicationFilterChain.java:138)
		at org.apache.tomcat.websocket.server.WsFilter.doFilter(WsFilter.java:51)
		at org.apache.catalina.core.ApplicationFilterChain.internalDoFilter(ApplicationFilterChain.java:162)
		at org.apache.catalina.core.ApplicationFilterChain.doFilter(ApplicationFilterChain.java:138)
		at org.apache.catalina.core.StandardWrapperValve.invoke(StandardWrapperValve.java:165)
		at org.apache.catalina.core.StandardContextValve.invoke(StandardContextValve.java:88)
		at org.apache.catalina.authenticator.AuthenticatorBase.invoke(AuthenticatorBase.java:492)
		at org.apache.catalina.core.StandardHostValve.invoke(StandardHostValve.java:113)
		at org.apache.catalina.valves.ErrorReportValve.invoke(ErrorReportValve.java:83)
		at org.apache.catalina.valves.AbstractAccessLogValve.invoke(AbstractAccessLogValve.java:654)
		at org.apache.catalina.core.StandardEngineValve.invoke(StandardEngineValve.java:72)
		at org.apache.catalina.connector.CoyoteAdapter.service(CoyoteAdapter.java:342)
		at org.apache.coyote.http11.Http11Processor.service(Http11Processor.java:399)
		at org.apache.coyote.AbstractProcessorLight.process(AbstractProcessorLight.java:63)
		at org.apache.coyote.AbstractProtocol$ConnectionHandler.process(AbstractProtocol.java:903)
		at org.apache.tomcat.util.net.NioEndpoint$SocketProcessor.doRun(NioEndpoint.java:1775)
		at org.apache.tomcat.util.net.SocketProcessorBase.run(SocketProcessorBase.java:52)
		at org.apache.tomcat.util.threads.ThreadPoolExecutor.runWorker(ThreadPoolExecutor.java:973)
		at org.apache.tomcat.util.threads.ThreadPoolExecutor$Worker.run(ThreadPoolExecutor.java:491)
		at org.apache.tomcat.util.threads.TaskThread$WrappingRunnable.run(TaskThread.java:63)
		at java.base/java.lang.Thread.run(Thread.java:842)
01-Apr-2026 19:04:46.973 INFO [main] org.apache.catalina.core.ApplicationContext.log SessionListener: contextDestroyed()
01-Apr-2026 19:04:46.973 INFO [main] org.apache.catalina.core.ApplicationContext.log ContextListener: contextDestroyed()
01-Apr-2026 19:04:52.033 INFO [main] org.apache.catalina.core.ApplicationContext.log ContextListener: contextInitialized()
01-Apr-2026 19:04:52.035 INFO [main] org.apache.catalina.core.ApplicationContext.log SessionListener: contextInitialized()
01-Apr-2026 19:04:52.040 INFO [main] org.apache.catalina.core.ApplicationContext.log ContextListener: attributeAdded('StockTicker', 'async.Stockticker@77ea960f')
01-Apr-2026 19:06:19.839 INFO [main] org.apache.catalina.core.ApplicationContext.log SessionListener: contextDestroyed()
01-Apr-2026 19:06:19.840 INFO [main] org.apache.catalina.core.ApplicationContext.log ContextListener: contextDestroyed()
01-Apr-2026 19:06:23.738 INFO [main] org.apache.catalina.core.ApplicationContext.log ContextListener: contextInitialized()
01-Apr-2026 19:06:23.738 INFO [main] org.apache.catalina.core.ApplicationContext.log SessionListener: contextInitialized()
01-Apr-2026 19:06:23.741 INFO [main] org.apache.catalina.core.ApplicationContext.log ContextListener: attributeAdded('StockTicker', 'async.Stockticker@3ccfac29')
01-Apr-2026 19:06:49.438 SEVERE [http-nio-8080-exec-5] org.apache.catalina.core.StandardWrapperValve.invoke Servlet.service() for servlet [jsp] in context with path [/IBanking] threw exception [org.apache.jasper.JasperException: /transfer.jsp (line: [116], column: [16]) The end tag "&lt;/c:choose" is unbalanced] with root cause
	org.apache.jasper.JasperException: /transfer.jsp (line: [116], column: [16]) The end tag "&lt;/c:choose" is unbalanced
		at org.apache.jasper.compiler.DefaultErrorHandler.jspError(DefaultErrorHandler.java:29)
		at org.apache.jasper.compiler.ErrorDispatcher.dispatch(ErrorDispatcher.java:265)
		at org.apache.jasper.compiler.ErrorDispatcher.jspError(ErrorDispatcher.java:88)
		at org.apache.jasper.compiler.Parser.checkUnbalancedEndTag(Parser.java:1489)
		at org.apache.jasper.compiler.Parser.parseElements(Parser.java:1372)
		at org.apache.jasper.compiler.Parser.parseBody(Parser.java:1556)
		at org.apache.jasper.compiler.Parser.parseOptionalBody(Parser.java:940)
		at org.apache.jasper.compiler.Parser.parseCustomTag(Parser.java:1200)
		at org.apache.jasper.compiler.Parser.parseElements(Parser.java:1371)
		at org.apache.jasper.compiler.Parser.parseBody(Parser.java:1556)
		at org.apache.jasper.compiler.Parser.parseOptionalBody(Parser.java:940)
		at org.apache.jasper.compiler.Parser.parseCustomTag(Parser.java:1200)
		at org.apache.jasper.compiler.Parser.parseElements(Parser.java:1371)
		at org.apache.jasper.compiler.Parser.parse(Parser.java:127)
		at org.apache.jasper.compiler.ParserController.doParse(ParserController.java:240)
		at org.apache.jasper.compiler.ParserController.parse(ParserController.java:103)
		at org.apache.jasper.compiler.Compiler.generateJava(Compiler.java:188)
		at org.apache.jasper.compiler.Compiler.compile(Compiler.java:361)
		at org.apache.jasper.compiler.Compiler.compile(Compiler.java:339)
		at org.apache.jasper.compiler.Compiler.compile(Compiler.java:325)
		at org.apache.jasper.JspCompilationContext.compile(JspCompilationContext.java:586)
		at org.apache.jasper.servlet.JspServletWrapper.service(JspServletWrapper.java:368)
		at org.apache.jasper.servlet.JspServlet.serviceJspFile(JspServlet.java:350)
		at org.apache.jasper.servlet.JspServlet.service(JspServlet.java:301)
		at jakarta.servlet.http.HttpServlet.service(HttpServlet.java:658)
		at org.apache.catalina.core.ApplicationFilterChain.internalDoFilter(ApplicationFilterChain.java:193)
		at org.apache.catalina.core.ApplicationFilterChain.doFilter(ApplicationFilterChain.java:138)
		at org.apache.tomcat.websocket.server.WsFilter.doFilter(WsFilter.java:51)
		at org.apache.catalina.core.ApplicationFilterChain.internalDoFilter(ApplicationFilterChain.java:162)
		at org.apache.catalina.core.ApplicationFilterChain.doFilter(ApplicationFilterChain.java:138)
		at org.apache.catalina.core.StandardWrapperValve.invoke(StandardWrapperValve.java:165)
		at org.apache.catalina.core.StandardContextValve.invoke(StandardContextValve.java:88)
		at org.apache.catalina.authenticator.AuthenticatorBase.invoke(AuthenticatorBase.java:492)
		at org.apache.catalina.core.StandardHostValve.invoke(StandardHostValve.java:113)
		at org.apache.catalina.valves.ErrorReportValve.invoke(ErrorReportValve.java:83)
		at org.apache.catalina.valves.AbstractAccessLogValve.invoke(AbstractAccessLogValve.java:654)
		at org.apache.catalina.core.StandardEngineValve.invoke(StandardEngineValve.java:72)
		at org.apache.catalina.connector.CoyoteAdapter.service(CoyoteAdapter.java:342)
		at org.apache.coyote.http11.Http11Processor.service(Http11Processor.java:399)
		at org.apache.coyote.AbstractProcessorLight.process(AbstractProcessorLight.java:63)
		at org.apache.coyote.AbstractProtocol$ConnectionHandler.process(AbstractProtocol.java:903)
		at org.apache.tomcat.util.net.NioEndpoint$SocketProcessor.doRun(NioEndpoint.java:1775)
		at org.apache.tomcat.util.net.SocketProcessorBase.run(SocketProcessorBase.java:52)
		at org.apache.tomcat.util.threads.ThreadPoolExecutor.runWorker(ThreadPoolExecutor.java:973)
		at org.apache.tomcat.util.threads.ThreadPoolExecutor$Worker.run(ThreadPoolExecutor.java:491)
		at org.apache.tomcat.util.threads.TaskThread$WrappingRunnable.run(TaskThread.java:63)
		at java.base/java.lang.Thread.run(Thread.java:842)
01-Apr-2026 19:38:10.065 SEVERE [http-nio-8080-exec-6] org.apache.catalina.core.StandardWrapperValve.invoke Servlet.service() for servlet [jsp] in context with path [/IBanking] threw exception [org.apache.jasper.JasperException: /transfer.jsp (line: [116], column: [16]) The end tag "&lt;/c:choose" is unbalanced] with root cause
	org.apache.jasper.JasperException: /transfer.jsp (line: [116], column: [16]) The end tag "&lt;/c:choose" is unbalanced
		at org.apache.jasper.compiler.DefaultErrorHandler.jspError(DefaultErrorHandler.java:29)
		at org.apache.jasper.compiler.ErrorDispatcher.dispatch(ErrorDispatcher.java:265)
		at org.apache.jasper.compiler.ErrorDispatcher.jspError(ErrorDispatcher.java:88)
		at org.apache.jasper.compiler.Parser.checkUnbalancedEndTag(Parser.java:1489)
		at org.apache.jasper.compiler.Parser.parseElements(Parser.java:1372)
		at org.apache.jasper.compiler.Parser.parseBody(Parser.java:1556)
		at org.apache.jasper.compiler.Parser.parseOptionalBody(Parser.java:940)
		at org.apache.jasper.compiler.Parser.parseCustomTag(Parser.java:1200)
		at org.apache.jasper.compiler.Parser.parseElements(Parser.java:1371)
		at org.apache.jasper.compiler.Parser.parseBody(Parser.java:1556)
		at org.apache.jasper.compiler.Parser.parseOptionalBody(Parser.java:940)
		at org.apache.jasper.compiler.Parser.parseCustomTag(Parser.java:1200)
		at org.apache.jasper.compiler.Parser.parseElements(Parser.java:1371)
		at org.apache.jasper.compiler.Parser.parse(Parser.java:127)
		at org.apache.jasper.compiler.ParserController.doParse(ParserController.java:240)
		at org.apache.jasper.compiler.ParserController.parse(ParserController.java:103)
		at org.apache.jasper.compiler.Compiler.generateJava(Compiler.java:188)
		at org.apache.jasper.compiler.Compiler.compile(Compiler.java:361)
		at org.apache.jasper.compiler.Compiler.compile(Compiler.java:339)
		at org.apache.jasper.compiler.Compiler.compile(Compiler.java:325)
		at org.apache.jasper.JspCompilationContext.compile(JspCompilationContext.java:586)
		at org.apache.jasper.servlet.JspServletWrapper.service(JspServletWrapper.java:368)
		at org.apache.jasper.servlet.JspServlet.serviceJspFile(JspServlet.java:350)
		at org.apache.jasper.servlet.JspServlet.service(JspServlet.java:301)
		at jakarta.servlet.http.HttpServlet.service(HttpServlet.java:658)
		at org.apache.catalina.core.ApplicationFilterChain.internalDoFilter(ApplicationFilterChain.java:193)
		at org.apache.catalina.core.ApplicationFilterChain.doFilter(ApplicationFilterChain.java:138)
		at org.apache.tomcat.websocket.server.WsFilter.doFilter(WsFilter.java:51)
		at org.apache.catalina.core.ApplicationFilterChain.internalDoFilter(ApplicationFilterChain.java:162)
		at org.apache.catalina.core.ApplicationFilterChain.doFilter(ApplicationFilterChain.java:138)
		at org.apache.catalina.core.StandardWrapperValve.invoke(StandardWrapperValve.java:165)
		at org.apache.catalina.core.StandardContextValve.invoke(StandardContextValve.java:88)
		at org.apache.catalina.authenticator.AuthenticatorBase.invoke(AuthenticatorBase.java:492)
		at org.apache.catalina.core.StandardHostValve.invoke(StandardHostValve.java:113)
		at org.apache.catalina.valves.ErrorReportValve.invoke(ErrorReportValve.java:83)
		at org.apache.catalina.valves.AbstractAccessLogValve.invoke(AbstractAccessLogValve.java:654)
		at org.apache.catalina.core.StandardEngineValve.invoke(StandardEngineValve.java:72)
		at org.apache.catalina.connector.CoyoteAdapter.service(CoyoteAdapter.java:342)
		at org.apache.coyote.http11.Http11Processor.service(Http11Processor.java:399)
		at org.apache.coyote.AbstractProcessorLight.process(AbstractProcessorLight.java:63)
		at org.apache.coyote.AbstractProtocol$ConnectionHandler.process(AbstractProtocol.java:903)
		at org.apache.tomcat.util.net.NioEndpoint$SocketProcessor.doRun(NioEndpoint.java:1775)
		at org.apache.tomcat.util.net.SocketProcessorBase.run(SocketProcessorBase.java:52)
		at org.apache.tomcat.util.threads.ThreadPoolExecutor.runWorker(ThreadPoolExecutor.java:973)
		at org.apache.tomcat.util.threads.ThreadPoolExecutor$Worker.run(ThreadPoolExecutor.java:491)
		at org.apache.tomcat.util.threads.TaskThread$WrappingRunnable.run(TaskThread.java:63)
		at java.base/java.lang.Thread.run(Thread.java:842)
01-Apr-2026 20:18:00.960 INFO [main] org.apache.catalina.core.ApplicationContext.log SessionListener: contextDestroyed()
01-Apr-2026 20:18:00.960 INFO [main] org.apache.catalina.core.ApplicationContext.log ContextListener: contextDestroyed()
01-Apr-2026 20:18:06.721 INFO [main] org.apache.catalina.core.ApplicationContext.log ContextListener: contextInitialized()
01-Apr-2026 20:18:06.723 INFO [main] org.apache.catalina.core.ApplicationContext.log SessionListener: contextInitialized()
01-Apr-2026 20:18:06.726 INFO [main] org.apache.catalina.core.ApplicationContext.log ContextListener: attributeAdded('StockTicker', 'async.Stockticker@77ea960f')
01-Apr-2026 20:19:14.362 INFO [main] org.apache.catalina.core.ApplicationContext.log SessionListener: contextDestroyed()
01-Apr-2026 20:19:14.362 INFO [main] org.apache.catalina.core.ApplicationContext.log ContextListener: contextDestroyed()
01-Apr-2026 20:19:17.788 INFO [main] org.apache.catalina.core.ApplicationContext.log ContextListener: contextInitialized()
01-Apr-2026 20:19:17.789 INFO [main] org.apache.catalina.core.ApplicationContext.log SessionListener: contextInitialized()
01-Apr-2026 20:19:17.794 INFO [main] org.apache.catalina.core.ApplicationContext.log ContextListener: attributeAdded('StockTicker', 'async.Stockticker@1ef93e01')
01-Apr-2026 20:21:05.716 INFO [main] org.apache.catalina.core.ApplicationContext.log SessionListener: contextDestroyed()
01-Apr-2026 20:21:05.717 INFO [main] org.apache.catalina.core.ApplicationContext.log ContextListener: contextDestroyed()
01-Apr-2026 20:21:09.053 INFO [main] org.apache.catalina.core.ApplicationContext.log ContextListener: contextInitialized()
01-Apr-2026 20:21:09.054 INFO [main] org.apache.catalina.core.ApplicationContext.log SessionListener: contextInitialized()
01-Apr-2026 20:21:09.059 INFO [main] org.apache.catalina.core.ApplicationContext.log ContextListener: attributeAdded('StockTicker', 'async.Stockticker@77ea960f')
01-Apr-2026 20:24:45.612 INFO [main] org.apache.catalina.core.ApplicationContext.log SessionListener: contextDestroyed()
01-Apr-2026 20:24:45.613 INFO [main] org.apache.catalina.core.ApplicationContext.log ContextListener: contextDestroyed()
01-Apr-2026 20:24:55.941 INFO [main] org.apache.catalina.core.ApplicationContext.log ContextListener: contextInitialized()
01-Apr-2026 20:24:55.941 INFO [main] org.apache.catalina.core.ApplicationContext.log SessionListener: contextInitialized()
01-Apr-2026 20:24:55.946 INFO [main] org.apache.catalina.core.ApplicationContext.log ContextListener: attributeAdded('StockTicker', 'async.Stockticker@1ef93e01')
01-Apr-2026 20:31:05.234 INFO [main] org.apache.catalina.core.ApplicationContext.log SessionListener: contextDestroyed()
01-Apr-2026 20:31:05.234 INFO [main] org.apache.catalina.core.ApplicationContext.log ContextListener: contextDestroyed()
01-Apr-2026 20:31:08.979 INFO [main] org.apache.catalina.core.ApplicationContext.log ContextListener: contextInitialized()
01-Apr-2026 20:31:08.980 INFO [main] org.apache.catalina.core.ApplicationContext.log SessionListener: contextInitialized()
01-Apr-2026 20:31:08.984 INFO [main] org.apache.catalina.core.ApplicationContext.log ContextListener: attributeAdded('StockTicker', 'async.Stockticker@77ea960f')
01-Apr-2026 20:48:34.618 INFO [main] org.apache.catalina.core.ApplicationContext.log SessionListener: contextDestroyed()
01-Apr-2026 20:48:34.619 INFO [main] org.apache.catalina.core.ApplicationContext.log ContextListener: contextDestroyed()
01-Apr-2026 20:48:38.279 INFO [main] org.apache.catalina.core.ApplicationContext.log ContextListener: contextInitialized()
01-Apr-2026 20:48:38.279 INFO [main] org.apache.catalina.core.ApplicationContext.log SessionListener: contextInitialized()
01-Apr-2026 20:48:38.283 INFO [main] org.apache.catalina.core.ApplicationContext.log ContextListener: attributeAdded('StockTicker', 'async.Stockticker@77ea960f')
01-Apr-2026 20:58:31.565 INFO [main] org.apache.catalina.core.ApplicationContext.log SessionListener: contextDestroyed()
01-Apr-2026 20:58:31.565 INFO [main] org.apache.catalina.core.ApplicationContext.log ContextListener: contextDestroyed()
01-Apr-2026 20:58:34.676 INFO [main] org.apache.catalina.core.ApplicationContext.log ContextListener: contextInitialized()
01-Apr-2026 20:58:34.677 INFO [main] org.apache.catalina.core.ApplicationContext.log SessionListener: contextInitialized()
01-Apr-2026 20:58:34.681 INFO [main] org.apache.catalina.core.ApplicationContext.log ContextListener: attributeAdded('StockTicker', 'async.Stockticker@1ef93e01')
01-Apr-2026 21:09:02.557 INFO [main] org.apache.catalina.core.ApplicationContext.log SessionListener: contextDestroyed()
01-Apr-2026 21:09:02.557 INFO [main] org.apache.catalina.core.ApplicationContext.log ContextListener: contextDestroyed()
01-Apr-2026 21:09:06.042 INFO [main] org.apache.catalina.core.ApplicationContext.log ContextListener: contextInitialized()
01-Apr-2026 21:09:06.043 INFO [main] org.apache.catalina.core.ApplicationContext.log SessionListener: contextInitialized()
01-Apr-2026 21:09:06.047 INFO [main] org.apache.catalina.core.ApplicationContext.log ContextListener: attributeAdded('StockTicker', 'async.Stockticker@77ea960f')
01-Apr-2026 21:14:33.698 INFO [main] org.apache.catalina.core.ApplicationContext.log SessionListener: contextDestroyed()
01-Apr-2026 21:14:33.698 INFO [main] org.apache.catalina.core.ApplicationContext.log ContextListener: contextDestroyed()
01-Apr-2026 21:14:36.189 INFO [main] org.apache.catalina.core.ApplicationContext.log ContextListener: contextInitialized()
01-Apr-2026 21:14:36.190 INFO [main] org.apache.catalina.core.ApplicationContext.log SessionListener: contextInitialized()
01-Apr-2026 21:14:36.194 INFO [main] org.apache.catalina.core.ApplicationContext.log ContextListener: attributeAdded('StockTicker', 'async.Stockticker@3ccfac29')
01-Apr-2026 21:22:38.023 INFO [main] org.apache.catalina.core.ApplicationContext.log SessionListener: contextDestroyed()
01-Apr-2026 21:22:38.025 INFO [main] org.apache.catalina.core.ApplicationContext.log ContextListener: contextDestroyed()
01-Apr-2026 21:22:50.293 INFO [main] org.apache.catalina.core.ApplicationContext.log ContextListener: contextInitialized()
01-Apr-2026 21:22:50.294 INFO [main] org.apache.catalina.core.ApplicationContext.log SessionListener: contextInitialized()
01-Apr-2026 21:22:50.298 INFO [main] org.apache.catalina.core.ApplicationContext.log ContextListener: attributeAdded('StockTicker', 'async.Stockticker@1ef93e01')
01-Apr-2026 21:23:57.948 SEVERE [http-nio-8080-exec-9] org.apache.catalina.core.StandardWrapperValve.invoke Servlet.service() for servlet [jsp] in context with path [/IBanking] threw exception [org.apache.jasper.JasperException: Unable to compile class for JSP: 

An error occurred at line: [69] in the jsp file: [/enterAmount.jsp]
Syntax error, insert ";" to complete Statement
66: <form action="enterAmount" method="post">
67:     <h3>Nhap so tien can chuyen </h3>
68:     <p type="color:#004080 ; font-size:14px;">
69:         Chuyen den tai khoan :<% session.getAttribute("toAccount") %>
70:     </p>
71:     So tien:
72:     <input type="number" name="amount" required>


Stacktrace:] with root cause
	org.apache.jasper.JasperException: Unable to compile class for JSP: 

An error occurred at line: [69] in the jsp file: [/enterAmount.jsp]
Syntax error, insert ";" to complete Statement
66: <form action="enterAmount" method="post">
67:     <h3>Nhap so tien can chuyen </h3>
68:     <p type="color:#004080 ; font-size:14px;">
69:         Chuyen den tai khoan :<% session.getAttribute("toAccount") %>
70:     </p>
71:     So tien:
72:     <input type="number" name="amount" required>


Stacktrace:
		at org.apache.jasper.compiler.DefaultErrorHandler.javacError(DefaultErrorHandler.java:70)
		at org.apache.jasper.compiler.ErrorDispatcher.javacError(ErrorDispatcher.java:189)
		at org.apache.jasper.compiler.JDTCompiler.generateClass(JDTCompiler.java:553)
		at org.apache.jasper.compiler.Compiler.compile(Compiler.java:367)
		at org.apache.jasper.compiler.Compiler.compile(Compiler.java:339)
		at org.apache.jasper.compiler.Compiler.compile(Compiler.java:325)
		at org.apache.jasper.JspCompilationContext.compile(JspCompilationContext.java:586)
		at org.apache.jasper.servlet.JspServletWrapper.service(JspServletWrapper.java:368)
		at org.apache.jasper.servlet.JspServlet.serviceJspFile(JspServlet.java:350)
		at org.apache.jasper.servlet.JspServlet.service(JspServlet.java:301)
		at jakarta.servlet.http.HttpServlet.service(HttpServlet.java:658)
		at org.apache.catalina.core.ApplicationFilterChain.internalDoFilter(ApplicationFilterChain.java:193)
		at org.apache.catalina.core.ApplicationFilterChain.doFilter(ApplicationFilterChain.java:138)
		at org.apache.tomcat.websocket.server.WsFilter.doFilter(WsFilter.java:51)
		at org.apache.catalina.core.ApplicationFilterChain.internalDoFilter(ApplicationFilterChain.java:162)
		at org.apache.catalina.core.ApplicationFilterChain.doFilter(ApplicationFilterChain.java:138)
		at org.apache.catalina.core.StandardWrapperValve.invoke(StandardWrapperValve.java:165)
		at org.apache.catalina.core.StandardContextValve.invoke(StandardContextValve.java:88)
		at org.apache.catalina.authenticator.AuthenticatorBase.invoke(AuthenticatorBase.java:492)
		at org.apache.catalina.core.StandardHostValve.invoke(StandardHostValve.java:113)
		at org.apache.catalina.valves.ErrorReportValve.invoke(ErrorReportValve.java:83)
		at org.apache.catalina.valves.AbstractAccessLogValve.invoke(AbstractAccessLogValve.java:654)
		at org.apache.catalina.core.StandardEngineValve.invoke(StandardEngineValve.java:72)
		at org.apache.catalina.connector.CoyoteAdapter.service(CoyoteAdapter.java:342)
		at org.apache.coyote.http11.Http11Processor.service(Http11Processor.java:399)
		at org.apache.coyote.AbstractProcessorLight.process(AbstractProcessorLight.java:63)
		at org.apache.coyote.AbstractProtocol$ConnectionHandler.process(AbstractProtocol.java:903)
		at org.apache.tomcat.util.net.NioEndpoint$SocketProcessor.doRun(NioEndpoint.java:1775)
		at org.apache.tomcat.util.net.SocketProcessorBase.run(SocketProcessorBase.java:52)
		at org.apache.tomcat.util.threads.ThreadPoolExecutor.runWorker(ThreadPoolExecutor.java:973)
		at org.apache.tomcat.util.threads.ThreadPoolExecutor$Worker.run(ThreadPoolExecutor.java:491)
		at org.apache.tomcat.util.threads.TaskThread$WrappingRunnable.run(TaskThread.java:63)
		at java.base/java.lang.Thread.run(Thread.java:842)
01-Apr-2026 21:29:50.297 INFO [main] org.apache.catalina.core.ApplicationContext.log SessionListener: contextDestroyed()
01-Apr-2026 21:29:50.298 INFO [main] org.apache.catalina.core.ApplicationContext.log ContextListener: contextDestroyed()
01-Apr-2026 21:29:54.566 INFO [main] org.apache.catalina.core.ApplicationContext.log ContextListener: contextInitialized()
01-Apr-2026 21:29:54.567 INFO [main] org.apache.catalina.core.ApplicationContext.log SessionListener: contextInitialized()
01-Apr-2026 21:29:54.571 INFO [main] org.apache.catalina.core.ApplicationContext.log ContextListener: attributeAdded('StockTicker', 'async.Stockticker@1ef93e01')
01-Apr-2026 21:30:14.249 SEVERE [http-nio-8080-exec-8] org.apache.catalina.core.StandardWrapperValve.invoke Servlet.service() for servlet [jsp] in context with path [/IBanking] threw exception [org.apache.jasper.JasperException: Unable to compile class for JSP: 

An error occurred at line: [69] in the jsp file: [/enterAmount.jsp]
Syntax error, insert ";" to complete Statement
66: <form action="enterAmount" method="post">
67:     <h3>Nhap so tien can chuyen </h3>
68:     <p type="color:#004080 ; font-size:14px">
69:         Chuyen den tai khoan :<% session.getAttribute("toAccount") %>
70:     </p>
71:     So tien:
72:     <input type="number" name="amount" required>


Stacktrace:] with root cause
	org.apache.jasper.JasperException: Unable to compile class for JSP: 

An error occurred at line: [69] in the jsp file: [/enterAmount.jsp]
Syntax error, insert ";" to complete Statement
66: <form action="enterAmount" method="post">
67:     <h3>Nhap so tien can chuyen </h3>
68:     <p type="color:#004080 ; font-size:14px">
69:         Chuyen den tai khoan :<% session.getAttribute("toAccount") %>
70:     </p>
71:     So tien:
72:     <input type="number" name="amount" required>


Stacktrace:
		at org.apache.jasper.compiler.DefaultErrorHandler.javacError(DefaultErrorHandler.java:70)
		at org.apache.jasper.compiler.ErrorDispatcher.javacError(ErrorDispatcher.java:189)
		at org.apache.jasper.compiler.JDTCompiler.generateClass(JDTCompiler.java:553)
		at org.apache.jasper.compiler.Compiler.compile(Compiler.java:367)
		at org.apache.jasper.compiler.Compiler.compile(Compiler.java:339)
		at org.apache.jasper.compiler.Compiler.compile(Compiler.java:325)
		at org.apache.jasper.JspCompilationContext.compile(JspCompilationContext.java:586)
		at org.apache.jasper.servlet.JspServletWrapper.service(JspServletWrapper.java:368)
		at org.apache.jasper.servlet.JspServlet.serviceJspFile(JspServlet.java:350)
		at org.apache.jasper.servlet.JspServlet.service(JspServlet.java:301)
		at jakarta.servlet.http.HttpServlet.service(HttpServlet.java:658)
		at org.apache.catalina.core.ApplicationFilterChain.internalDoFilter(ApplicationFilterChain.java:193)
		at org.apache.catalina.core.ApplicationFilterChain.doFilter(ApplicationFilterChain.java:138)
		at org.apache.tomcat.websocket.server.WsFilter.doFilter(WsFilter.java:51)
		at org.apache.catalina.core.ApplicationFilterChain.internalDoFilter(ApplicationFilterChain.java:162)
		at org.apache.catalina.core.ApplicationFilterChain.doFilter(ApplicationFilterChain.java:138)
		at org.apache.catalina.core.StandardWrapperValve.invoke(StandardWrapperValve.java:165)
		at org.apache.catalina.core.StandardContextValve.invoke(StandardContextValve.java:88)
		at org.apache.catalina.authenticator.AuthenticatorBase.invoke(AuthenticatorBase.java:492)
		at org.apache.catalina.core.StandardHostValve.invoke(StandardHostValve.java:113)
		at org.apache.catalina.valves.ErrorReportValve.invoke(ErrorReportValve.java:83)
		at org.apache.catalina.valves.AbstractAccessLogValve.invoke(AbstractAccessLogValve.java:654)
		at org.apache.catalina.core.StandardEngineValve.invoke(StandardEngineValve.java:72)
		at org.apache.catalina.connector.CoyoteAdapter.service(CoyoteAdapter.java:342)
		at org.apache.coyote.http11.Http11Processor.service(Http11Processor.java:399)
		at org.apache.coyote.AbstractProcessorLight.process(AbstractProcessorLight.java:63)
		at org.apache.coyote.AbstractProtocol$ConnectionHandler.process(AbstractProtocol.java:903)
		at org.apache.tomcat.util.net.NioEndpoint$SocketProcessor.doRun(NioEndpoint.java:1775)
		at org.apache.tomcat.util.net.SocketProcessorBase.run(SocketProcessorBase.java:52)
		at org.apache.tomcat.util.threads.ThreadPoolExecutor.runWorker(ThreadPoolExecutor.java:973)
		at org.apache.tomcat.util.threads.ThreadPoolExecutor$Worker.run(ThreadPoolExecutor.java:491)
		at org.apache.tomcat.util.threads.TaskThread$WrappingRunnable.run(TaskThread.java:63)
		at java.base/java.lang.Thread.run(Thread.java:842)
01-Apr-2026 21:38:32.307 INFO [main] org.apache.catalina.core.ApplicationContext.log SessionListener: contextDestroyed()
01-Apr-2026 21:38:32.307 INFO [main] org.apache.catalina.core.ApplicationContext.log ContextListener: contextDestroyed()
01-Apr-2026 21:38:36.895 INFO [main] org.apache.catalina.core.ApplicationContext.log ContextListener: contextInitialized()
01-Apr-2026 21:38:36.896 INFO [main] org.apache.catalina.core.ApplicationContext.log SessionListener: contextInitialized()
01-Apr-2026 21:38:36.901 INFO [main] org.apache.catalina.core.ApplicationContext.log ContextListener: attributeAdded('StockTicker', 'async.Stockticker@528f5b7f')
01-Apr-2026 22:07:20.439 INFO [main] org.apache.catalina.core.ApplicationContext.log SessionListener: contextDestroyed()
01-Apr-2026 22:07:20.439 INFO [main] org.apache.catalina.core.ApplicationContext.log ContextListener: contextDestroyed()
01-Apr-2026 22:07:24.007 INFO [main] org.apache.catalina.core.ApplicationContext.log ContextListener: contextInitialized()
01-Apr-2026 22:07:24.008 INFO [main] org.apache.catalina.core.ApplicationContext.log SessionListener: contextInitialized()
01-Apr-2026 22:07:24.012 INFO [main] org.apache.catalina.core.ApplicationContext.log ContextListener: attributeAdded('StockTicker', 'async.Stockticker@5c41b8d8')
01-Apr-2026 22:14:00.359 INFO [main] org.apache.catalina.core.ApplicationContext.log SessionListener: contextDestroyed()
01-Apr-2026 22:14:00.360 INFO [main] org.apache.catalina.core.ApplicationContext.log ContextListener: contextDestroyed()
01-Apr-2026 22:14:02.884 INFO [main] org.apache.catalina.core.ApplicationContext.log ContextListener: contextInitialized()
01-Apr-2026 22:14:02.885 INFO [main] org.apache.catalina.core.ApplicationContext.log SessionListener: contextInitialized()
01-Apr-2026 22:14:02.889 INFO [main] org.apache.catalina.core.ApplicationContext.log ContextListener: attributeAdded('StockTicker', 'async.Stockticker@77ea960f')
01-Apr-2026 22:19:58.393 INFO [main] org.apache.catalina.core.ApplicationContext.log SessionListener: contextDestroyed()
01-Apr-2026 22:19:58.393 INFO [main] org.apache.catalina.core.ApplicationContext.log ContextListener: contextDestroyed()
01-Apr-2026 22:20:04.735 INFO [main] org.apache.catalina.core.ApplicationContext.log ContextListener: contextInitialized()
01-Apr-2026 22:20:04.736 INFO [main] org.apache.catalina.core.ApplicationContext.log SessionListener: contextInitialized()
01-Apr-2026 22:20:04.754 INFO [main] org.apache.catalina.core.ApplicationContext.log ContextListener: attributeAdded('StockTicker', 'async.Stockticker@3ccfac29')
