04-Apr-2026 08:18:51.688 INFO [main] org.apache.catalina.core.ApplicationContext.log ContextListener: contextInitialized()
04-Apr-2026 08:18:51.689 INFO [main] org.apache.catalina.core.ApplicationContext.log SessionListener: contextInitialized()
04-Apr-2026 08:18:51.696 INFO [main] org.apache.catalina.core.ApplicationContext.log ContextListener: attributeAdded('StockTicker', 'async.Stockticker@77ea960f')
04-Apr-2026 08:21:52.711 INFO [main] org.apache.catalina.core.ApplicationContext.log SessionListener: contextDestroyed()
04-Apr-2026 08:21:52.711 INFO [main] org.apache.catalina.core.ApplicationContext.log ContextListener: contextDestroyed()
04-Apr-2026 08:22:03.790 INFO [main] org.apache.catalina.core.ApplicationContext.log ContextListener: contextInitialized()
04-Apr-2026 08:22:03.793 INFO [main] org.apache.catalina.core.ApplicationContext.log SessionListener: contextInitialized()
04-Apr-2026 08:22:03.824 INFO [main] org.apache.catalina.core.ApplicationContext.log ContextListener: attributeAdded('StockTicker', 'async.Stockticker@528f5b7f')
04-Apr-2026 09:14:06.001 INFO [main] org.apache.catalina.core.ApplicationContext.log SessionListener: contextDestroyed()
04-Apr-2026 09:14:06.002 INFO [main] org.apache.catalina.core.ApplicationContext.log ContextListener: contextDestroyed()
04-Apr-2026 09:14:09.426 INFO [main] org.apache.catalina.core.ApplicationContext.log ContextListener: contextInitialized()
04-Apr-2026 09:14:09.428 INFO [main] org.apache.catalina.core.ApplicationContext.log SessionListener: contextInitialized()
04-Apr-2026 09:14:09.433 INFO [main] org.apache.catalina.core.ApplicationContext.log ContextListener: attributeAdded('StockTicker', 'async.Stockticker@77ea960f')
04-Apr-2026 09:14:43.479 SEVERE [http-nio-8080-exec-7] org.apache.catalina.core.ApplicationDispatcher.invoke Servlet.service() for servlet [jsp] threw exception
	org.apache.jasper.JasperException: The absolute uri: [http:/java.sun.com/jsp/jstl/fmt] cannot be resolved in either web.xml or the jar files deployed with this application
		at org.apache.jasper.compiler.DefaultErrorHandler.jspError(DefaultErrorHandler.java:35)
		at org.apache.jasper.compiler.ErrorDispatcher.dispatch(ErrorDispatcher.java:267)
		at org.apache.jasper.compiler.ErrorDispatcher.jspError(ErrorDispatcher.java:74)
		at org.apache.jasper.compiler.TagLibraryInfoImpl.generateTldResourcePath(TagLibraryInfoImpl.java:242)
		at org.apache.jasper.compiler.TagLibraryInfoImpl.<init>(TagLibraryInfoImpl.java:116)
		at org.apache.jasper.compiler.Parser.parseTaglibDirective(Parser.java:405)
		at org.apache.jasper.compiler.Parser.parseDirective(Parser.java:458)
		at org.apache.jasper.compiler.Parser.parseElements(Parser.java:1348)
		at org.apache.jasper.compiler.Parser.parse(Parser.java:127)
		at org.apache.jasper.compiler.ParserController.doParse(ParserController.java:240)
		at org.apache.jasper.compiler.ParserController.parse(ParserController.java:103)
		at org.apache.jasper.compiler.Compiler.generateJava(Compiler.java:188)
		at org.apache.jasper.compiler.Compiler.compile(Compiler.java:361)
		at org.apache.jasper.compiler.Compiler.compile(Compiler.java:339)
		at org.apache.jasper.compiler.Compiler.compile(Compiler.java:325)
		at org.apache.jasper.JspCompilationContext.compile(JspCompilationContext.java:586)
		at org.apache.jasper.servlet.JspServletWrapper.service(JspServletWrapper.java:368)
		at org.apache.jasper.servlet.JspServlet.serviceJspFile(JspServlet.java:350)
		at org.apache.jasper.servlet.JspServlet.service(JspServlet.java:301)
		at jakarta.servlet.http.HttpServlet.service(HttpServlet.java:658)
		at org.apache.catalina.core.ApplicationFilterChain.internalDoFilter(ApplicationFilterChain.java:193)
		at org.apache.catalina.core.ApplicationFilterChain.doFilter(ApplicationFilterChain.java:138)
		at org.apache.tomcat.websocket.server.WsFilter.doFilter(WsFilter.java:51)
		at org.apache.catalina.core.ApplicationFilterChain.internalDoFilter(ApplicationFilterChain.java:162)
		at org.apache.catalina.core.ApplicationFilterChain.doFilter(ApplicationFilterChain.java:138)
		at org.apache.catalina.core.ApplicationDispatcher.invoke(ApplicationDispatcher.java:610)
		at org.apache.catalina.core.ApplicationDispatcher.processRequest(ApplicationDispatcher.java:392)
		at org.apache.catalina.core.ApplicationDispatcher.doForward(ApplicationDispatcher.java:321)
		at org.apache.catalina.core.ApplicationDispatcher.forward(ApplicationDispatcher.java:266)
		at Controller.HomeServlet.doGet(HomeServlet.java:60)
		at jakarta.servlet.http.HttpServlet.service(HttpServlet.java:564)
		at jakarta.servlet.http.HttpServlet.service(HttpServlet.java:658)
		at org.apache.catalina.core.ApplicationFilterChain.internalDoFilter(ApplicationFilterChain.java:193)
		at org.apache.catalina.core.ApplicationFilterChain.doFilter(ApplicationFilterChain.java:138)
		at org.apache.tomcat.websocket.server.WsFilter.doFilter(WsFilter.java:51)
		at org.apache.catalina.core.ApplicationFilterChain.internalDoFilter(ApplicationFilterChain.java:162)
		at org.apache.catalina.core.ApplicationFilterChain.doFilter(ApplicationFilterChain.java:138)
		at org.apache.catalina.core.StandardWrapperValve.invoke(StandardWrapperValve.java:165)
		at org.apache.catalina.core.StandardContextValve.invoke(StandardContextValve.java:88)
		at org.apache.catalina.authenticator.AuthenticatorBase.invoke(AuthenticatorBase.java:492)
		at org.apache.catalina.core.StandardHostValve.invoke(StandardHostValve.java:113)
		at org.apache.catalina.valves.ErrorReportValve.invoke(ErrorReportValve.java:83)
		at org.apache.catalina.valves.AbstractAccessLogValve.invoke(AbstractAccessLogValve.java:654)
		at org.apache.catalina.core.StandardEngineValve.invoke(StandardEngineValve.java:72)
		at org.apache.catalina.connector.CoyoteAdapter.service(CoyoteAdapter.java:342)
		at org.apache.coyote.http11.Http11Processor.service(Http11Processor.java:399)
		at org.apache.coyote.AbstractProcessorLight.process(AbstractProcessorLight.java:63)
		at org.apache.coyote.AbstractProtocol$ConnectionHandler.process(AbstractProtocol.java:903)
		at org.apache.tomcat.util.net.NioEndpoint$SocketProcessor.doRun(NioEndpoint.java:1775)
		at org.apache.tomcat.util.net.SocketProcessorBase.run(SocketProcessorBase.java:52)
		at org.apache.tomcat.util.threads.ThreadPoolExecutor.runWorker(ThreadPoolExecutor.java:973)
		at org.apache.tomcat.util.threads.ThreadPoolExecutor$Worker.run(ThreadPoolExecutor.java:491)
		at org.apache.tomcat.util.threads.TaskThread$WrappingRunnable.run(TaskThread.java:63)
		at java.base/java.lang.Thread.run(Thread.java:842)
04-Apr-2026 09:14:43.480 SEVERE [http-nio-8080-exec-7] org.apache.catalina.core.StandardWrapperValve.invoke Servlet.service() for servlet [Controller.HomeServlet] in context with path [/IBanking] threw exception [org.apache.jasper.JasperException: The absolute uri: [http:/java.sun.com/jsp/jstl/fmt] cannot be resolved in either web.xml or the jar files deployed with this application] with root cause
	org.apache.jasper.JasperException: The absolute uri: [http:/java.sun.com/jsp/jstl/fmt] cannot be resolved in either web.xml or the jar files deployed with this application
		at org.apache.jasper.compiler.DefaultErrorHandler.jspError(DefaultErrorHandler.java:35)
		at org.apache.jasper.compiler.ErrorDispatcher.dispatch(ErrorDispatcher.java:267)
		at org.apache.jasper.compiler.ErrorDispatcher.jspError(ErrorDispatcher.java:74)
		at org.apache.jasper.compiler.TagLibraryInfoImpl.generateTldResourcePath(TagLibraryInfoImpl.java:242)
		at org.apache.jasper.compiler.TagLibraryInfoImpl.<init>(TagLibraryInfoImpl.java:116)
		at org.apache.jasper.compiler.Parser.parseTaglibDirective(Parser.java:405)
		at org.apache.jasper.compiler.Parser.parseDirective(Parser.java:458)
		at org.apache.jasper.compiler.Parser.parseElements(Parser.java:1348)
		at org.apache.jasper.compiler.Parser.parse(Parser.java:127)
		at org.apache.jasper.compiler.ParserController.doParse(ParserController.java:240)
		at org.apache.jasper.compiler.ParserController.parse(ParserController.java:103)
		at org.apache.jasper.compiler.Compiler.generateJava(Compiler.java:188)
		at org.apache.jasper.compiler.Compiler.compile(Compiler.java:361)
		at org.apache.jasper.compiler.Compiler.compile(Compiler.java:339)
		at org.apache.jasper.compiler.Compiler.compile(Compiler.java:325)
		at org.apache.jasper.JspCompilationContext.compile(JspCompilationContext.java:586)
		at org.apache.jasper.servlet.JspServletWrapper.service(JspServletWrapper.java:368)
		at org.apache.jasper.servlet.JspServlet.serviceJspFile(JspServlet.java:350)
		at org.apache.jasper.servlet.JspServlet.service(JspServlet.java:301)
		at jakarta.servlet.http.HttpServlet.service(HttpServlet.java:658)
		at org.apache.catalina.core.ApplicationFilterChain.internalDoFilter(ApplicationFilterChain.java:193)
		at org.apache.catalina.core.ApplicationFilterChain.doFilter(ApplicationFilterChain.java:138)
		at org.apache.tomcat.websocket.server.WsFilter.doFilter(WsFilter.java:51)
		at org.apache.catalina.core.ApplicationFilterChain.internalDoFilter(ApplicationFilterChain.java:162)
		at org.apache.catalina.core.ApplicationFilterChain.doFilter(ApplicationFilterChain.java:138)
		at org.apache.catalina.core.ApplicationDispatcher.invoke(ApplicationDispatcher.java:610)
		at org.apache.catalina.core.ApplicationDispatcher.processRequest(ApplicationDispatcher.java:392)
		at org.apache.catalina.core.ApplicationDispatcher.doForward(ApplicationDispatcher.java:321)
		at org.apache.catalina.core.ApplicationDispatcher.forward(ApplicationDispatcher.java:266)
		at Controller.HomeServlet.doGet(HomeServlet.java:60)
		at jakarta.servlet.http.HttpServlet.service(HttpServlet.java:564)
		at jakarta.servlet.http.HttpServlet.service(HttpServlet.java:658)
		at org.apache.catalina.core.ApplicationFilterChain.internalDoFilter(ApplicationFilterChain.java:193)
		at org.apache.catalina.core.ApplicationFilterChain.doFilter(ApplicationFilterChain.java:138)
		at org.apache.tomcat.websocket.server.WsFilter.doFilter(WsFilter.java:51)
		at org.apache.catalina.core.ApplicationFilterChain.internalDoFilter(ApplicationFilterChain.java:162)
		at org.apache.catalina.core.ApplicationFilterChain.doFilter(ApplicationFilterChain.java:138)
		at org.apache.catalina.core.StandardWrapperValve.invoke(StandardWrapperValve.java:165)
		at org.apache.catalina.core.StandardContextValve.invoke(StandardContextValve.java:88)
		at org.apache.catalina.authenticator.AuthenticatorBase.invoke(AuthenticatorBase.java:492)
		at org.apache.catalina.core.StandardHostValve.invoke(StandardHostValve.java:113)
		at org.apache.catalina.valves.ErrorReportValve.invoke(ErrorReportValve.java:83)
		at org.apache.catalina.valves.AbstractAccessLogValve.invoke(AbstractAccessLogValve.java:654)
		at org.apache.catalina.core.StandardEngineValve.invoke(StandardEngineValve.java:72)
		at org.apache.catalina.connector.CoyoteAdapter.service(CoyoteAdapter.java:342)
		at org.apache.coyote.http11.Http11Processor.service(Http11Processor.java:399)
		at org.apache.coyote.AbstractProcessorLight.process(AbstractProcessorLight.java:63)
		at org.apache.coyote.AbstractProtocol$ConnectionHandler.process(AbstractProtocol.java:903)
		at org.apache.tomcat.util.net.NioEndpoint$SocketProcessor.doRun(NioEndpoint.java:1775)
		at org.apache.tomcat.util.net.SocketProcessorBase.run(SocketProcessorBase.java:52)
		at org.apache.tomcat.util.threads.ThreadPoolExecutor.runWorker(ThreadPoolExecutor.java:973)
		at org.apache.tomcat.util.threads.ThreadPoolExecutor$Worker.run(ThreadPoolExecutor.java:491)
		at org.apache.tomcat.util.threads.TaskThread$WrappingRunnable.run(TaskThread.java:63)
		at java.base/java.lang.Thread.run(Thread.java:842)
04-Apr-2026 09:16:06.422 INFO [main] org.apache.catalina.core.ApplicationContext.log SessionListener: contextDestroyed()
04-Apr-2026 09:16:06.422 INFO [main] org.apache.catalina.core.ApplicationContext.log ContextListener: contextDestroyed()
04-Apr-2026 09:16:10.030 INFO [main] org.apache.catalina.core.ApplicationContext.log ContextListener: contextInitialized()
04-Apr-2026 09:16:10.031 INFO [main] org.apache.catalina.core.ApplicationContext.log SessionListener: contextInitialized()
04-Apr-2026 09:16:10.039 INFO [main] org.apache.catalina.core.ApplicationContext.log ContextListener: attributeAdded('StockTicker', 'async.Stockticker@5c41b8d8')
04-Apr-2026 09:46:55.162 INFO [main] org.apache.catalina.core.ApplicationContext.log SessionListener: contextDestroyed()
04-Apr-2026 09:46:55.162 INFO [main] org.apache.catalina.core.ApplicationContext.log ContextListener: contextDestroyed()
04-Apr-2026 09:47:04.250 INFO [main] org.apache.catalina.core.ApplicationContext.log ContextListener: contextInitialized()
04-Apr-2026 09:47:04.251 INFO [main] org.apache.catalina.core.ApplicationContext.log SessionListener: contextInitialized()
04-Apr-2026 09:47:04.255 INFO [main] org.apache.catalina.core.ApplicationContext.log ContextListener: attributeAdded('StockTicker', 'async.Stockticker@1ef93e01')
04-Apr-2026 14:37:50.142 INFO [main] org.apache.catalina.core.ApplicationContext.log SessionListener: contextDestroyed()
04-Apr-2026 14:37:50.142 INFO [main] org.apache.catalina.core.ApplicationContext.log ContextListener: contextDestroyed()
04-Apr-2026 20:01:37.975 INFO [main] org.apache.catalina.core.ApplicationContext.log ContextListener: contextInitialized()
04-Apr-2026 20:01:37.976 INFO [main] org.apache.catalina.core.ApplicationContext.log SessionListener: contextInitialized()
04-Apr-2026 20:01:37.984 INFO [main] org.apache.catalina.core.ApplicationContext.log ContextListener: attributeAdded('StockTicker', 'async.Stockticker@5f166f2e')
04-Apr-2026 20:02:54.599 INFO [main] org.apache.catalina.core.ApplicationContext.log SessionListener: contextDestroyed()
04-Apr-2026 20:02:54.599 INFO [main] org.apache.catalina.core.ApplicationContext.log ContextListener: contextDestroyed()
04-Apr-2026 20:02:57.514 INFO [main] org.apache.catalina.core.ApplicationContext.log ContextListener: contextInitialized()
04-Apr-2026 20:02:57.515 INFO [main] org.apache.catalina.core.ApplicationContext.log SessionListener: contextInitialized()
04-Apr-2026 20:02:57.519 INFO [main] org.apache.catalina.core.ApplicationContext.log ContextListener: attributeAdded('StockTicker', 'async.Stockticker@77ea960f')
04-Apr-2026 20:26:26.985 INFO [main] org.apache.catalina.core.ApplicationContext.log SessionListener: contextDestroyed()
04-Apr-2026 20:26:26.985 INFO [main] org.apache.catalina.core.ApplicationContext.log ContextListener: contextDestroyed()
04-Apr-2026 20:26:30.363 INFO [main] org.apache.catalina.core.ApplicationContext.log ContextListener: contextInitialized()
04-Apr-2026 20:26:30.364 INFO [main] org.apache.catalina.core.ApplicationContext.log SessionListener: contextInitialized()
04-Apr-2026 20:26:30.368 INFO [main] org.apache.catalina.core.ApplicationContext.log ContextListener: attributeAdded('StockTicker', 'async.Stockticker@5f166f2e')
04-Apr-2026 20:26:59.961 SEVERE [http-nio-8080-exec-5] org.apache.catalina.core.ApplicationDispatcher.invoke Servlet.service() for servlet [jsp] threw exception
	jakarta.el.PropertyNotFoundException: Property [username] not found on type [Model.User]
		at jakarta.el.BeanELResolver$BeanProperties.get(BeanELResolver.java:261)
		at jakarta.el.BeanELResolver.property(BeanELResolver.java:330)
		at jakarta.el.BeanELResolver.getValue(BeanELResolver.java:99)
		at org.apache.jasper.el.JasperELResolver.getValue(JasperELResolver.java:128)
		at org.apache.el.parser.AstValue.getValue(AstValue.java:161)
		at org.apache.el.ValueExpressionImpl.getValue(ValueExpressionImpl.java:150)
		at org.apache.jasper.runtime.PageContextImpl.proprietaryEvaluate(PageContextImpl.java:666)
		at org.apache.jsp.home_jsp._jspService(home_jsp.java:214)
		at org.apache.jasper.runtime.HttpJspBase.service(HttpJspBase.java:62)
		at jakarta.servlet.http.HttpServlet.service(HttpServlet.java:658)
		at org.apache.jasper.servlet.JspServletWrapper.service(JspServletWrapper.java:428)
		at org.apache.jasper.servlet.JspServlet.serviceJspFile(JspServlet.java:350)
		at org.apache.jasper.servlet.JspServlet.service(JspServlet.java:301)
		at jakarta.servlet.http.HttpServlet.service(HttpServlet.java:658)
		at org.apache.catalina.core.ApplicationFilterChain.internalDoFilter(ApplicationFilterChain.java:193)
		at org.apache.catalina.core.ApplicationFilterChain.doFilter(ApplicationFilterChain.java:138)
		at org.apache.tomcat.websocket.server.WsFilter.doFilter(WsFilter.java:51)
		at org.apache.catalina.core.ApplicationFilterChain.internalDoFilter(ApplicationFilterChain.java:162)
		at org.apache.catalina.core.ApplicationFilterChain.doFilter(ApplicationFilterChain.java:138)
		at org.apache.catalina.core.ApplicationDispatcher.invoke(ApplicationDispatcher.java:610)
		at org.apache.catalina.core.ApplicationDispatcher.processRequest(ApplicationDispatcher.java:392)
		at org.apache.catalina.core.ApplicationDispatcher.doForward(ApplicationDispatcher.java:321)
		at org.apache.catalina.core.ApplicationDispatcher.forward(ApplicationDispatcher.java:266)
		at Controller.HomeServlet.doGet(HomeServlet.java:60)
		at jakarta.servlet.http.HttpServlet.service(HttpServlet.java:564)
		at jakarta.servlet.http.HttpServlet.service(HttpServlet.java:658)
		at org.apache.catalina.core.ApplicationFilterChain.internalDoFilter(ApplicationFilterChain.java:193)
		at org.apache.catalina.core.ApplicationFilterChain.doFilter(ApplicationFilterChain.java:138)
		at org.apache.tomcat.websocket.server.WsFilter.doFilter(WsFilter.java:51)
		at org.apache.catalina.core.ApplicationFilterChain.internalDoFilter(ApplicationFilterChain.java:162)
		at org.apache.catalina.core.ApplicationFilterChain.doFilter(ApplicationFilterChain.java:138)
		at org.apache.catalina.core.StandardWrapperValve.invoke(StandardWrapperValve.java:165)
		at org.apache.catalina.core.StandardContextValve.invoke(StandardContextValve.java:88)
		at org.apache.catalina.authenticator.AuthenticatorBase.invoke(AuthenticatorBase.java:492)
		at org.apache.catalina.core.StandardHostValve.invoke(StandardHostValve.java:113)
		at org.apache.catalina.valves.ErrorReportValve.invoke(ErrorReportValve.java:83)
		at org.apache.catalina.valves.AbstractAccessLogValve.invoke(AbstractAccessLogValve.java:654)
		at org.apache.catalina.core.StandardEngineValve.invoke(StandardEngineValve.java:72)
		at org.apache.catalina.connector.CoyoteAdapter.service(CoyoteAdapter.java:342)
		at org.apache.coyote.http11.Http11Processor.service(Http11Processor.java:399)
		at org.apache.coyote.AbstractProcessorLight.process(AbstractProcessorLight.java:63)
		at org.apache.coyote.AbstractProtocol$ConnectionHandler.process(AbstractProtocol.java:903)
		at org.apache.tomcat.util.net.NioEndpoint$SocketProcessor.doRun(NioEndpoint.java:1775)
		at org.apache.tomcat.util.net.SocketProcessorBase.run(SocketProcessorBase.java:52)
		at org.apache.tomcat.util.threads.ThreadPoolExecutor.runWorker(ThreadPoolExecutor.java:973)
		at org.apache.tomcat.util.threads.ThreadPoolExecutor$Worker.run(ThreadPoolExecutor.java:491)
		at org.apache.tomcat.util.threads.TaskThread$WrappingRunnable.run(TaskThread.java:63)
		at java.base/java.lang.Thread.run(Thread.java:842)
04-Apr-2026 20:26:59.961 SEVERE [http-nio-8080-exec-5] org.apache.catalina.core.StandardWrapperValve.invoke Servlet.service() for servlet [Controller.HomeServlet] in context with path [/IBanking] threw exception [An exception occurred processing [/home.jsp] at line [83]

80: </head>
81: <body>
82: <header>
83:     <h2>Chao ${account.user.username}</h2>
84: </header>
85: <div class="container">
86:     <div class="card">


Stacktrace:] with root cause
	jakarta.el.PropertyNotFoundException: Property [username] not found on type [Model.User]
		at jakarta.el.BeanELResolver$BeanProperties.get(BeanELResolver.java:261)
		at jakarta.el.BeanELResolver.property(BeanELResolver.java:330)
		at jakarta.el.BeanELResolver.getValue(BeanELResolver.java:99)
		at org.apache.jasper.el.JasperELResolver.getValue(JasperELResolver.java:128)
		at org.apache.el.parser.AstValue.getValue(AstValue.java:161)
		at org.apache.el.ValueExpressionImpl.getValue(ValueExpressionImpl.java:150)
		at org.apache.jasper.runtime.PageContextImpl.proprietaryEvaluate(PageContextImpl.java:666)
		at org.apache.jsp.home_jsp._jspService(home_jsp.java:214)
		at org.apache.jasper.runtime.HttpJspBase.service(HttpJspBase.java:62)
		at jakarta.servlet.http.HttpServlet.service(HttpServlet.java:658)
		at org.apache.jasper.servlet.JspServletWrapper.service(JspServletWrapper.java:428)
		at org.apache.jasper.servlet.JspServlet.serviceJspFile(JspServlet.java:350)
		at org.apache.jasper.servlet.JspServlet.service(JspServlet.java:301)
		at jakarta.servlet.http.HttpServlet.service(HttpServlet.java:658)
		at org.apache.catalina.core.ApplicationFilterChain.internalDoFilter(ApplicationFilterChain.java:193)
		at org.apache.catalina.core.ApplicationFilterChain.doFilter(ApplicationFilterChain.java:138)
		at org.apache.tomcat.websocket.server.WsFilter.doFilter(WsFilter.java:51)
		at org.apache.catalina.core.ApplicationFilterChain.internalDoFilter(ApplicationFilterChain.java:162)
		at org.apache.catalina.core.ApplicationFilterChain.doFilter(ApplicationFilterChain.java:138)
		at org.apache.catalina.core.ApplicationDispatcher.invoke(ApplicationDispatcher.java:610)
		at org.apache.catalina.core.ApplicationDispatcher.processRequest(ApplicationDispatcher.java:392)
		at org.apache.catalina.core.ApplicationDispatcher.doForward(ApplicationDispatcher.java:321)
		at org.apache.catalina.core.ApplicationDispatcher.forward(ApplicationDispatcher.java:266)
		at Controller.HomeServlet.doGet(HomeServlet.java:60)
		at jakarta.servlet.http.HttpServlet.service(HttpServlet.java:564)
		at jakarta.servlet.http.HttpServlet.service(HttpServlet.java:658)
		at org.apache.catalina.core.ApplicationFilterChain.internalDoFilter(ApplicationFilterChain.java:193)
		at org.apache.catalina.core.ApplicationFilterChain.doFilter(ApplicationFilterChain.java:138)
		at org.apache.tomcat.websocket.server.WsFilter.doFilter(WsFilter.java:51)
		at org.apache.catalina.core.ApplicationFilterChain.internalDoFilter(ApplicationFilterChain.java:162)
		at org.apache.catalina.core.ApplicationFilterChain.doFilter(ApplicationFilterChain.java:138)
		at org.apache.catalina.core.StandardWrapperValve.invoke(StandardWrapperValve.java:165)
		at org.apache.catalina.core.StandardContextValve.invoke(StandardContextValve.java:88)
		at org.apache.catalina.authenticator.AuthenticatorBase.invoke(AuthenticatorBase.java:492)
		at org.apache.catalina.core.StandardHostValve.invoke(StandardHostValve.java:113)
		at org.apache.catalina.valves.ErrorReportValve.invoke(ErrorReportValve.java:83)
		at org.apache.catalina.valves.AbstractAccessLogValve.invoke(AbstractAccessLogValve.java:654)
		at org.apache.catalina.core.StandardEngineValve.invoke(StandardEngineValve.java:72)
		at org.apache.catalina.connector.CoyoteAdapter.service(CoyoteAdapter.java:342)
		at org.apache.coyote.http11.Http11Processor.service(Http11Processor.java:399)
		at org.apache.coyote.AbstractProcessorLight.process(AbstractProcessorLight.java:63)
		at org.apache.coyote.AbstractProtocol$ConnectionHandler.process(AbstractProtocol.java:903)
		at org.apache.tomcat.util.net.NioEndpoint$SocketProcessor.doRun(NioEndpoint.java:1775)
		at org.apache.tomcat.util.net.SocketProcessorBase.run(SocketProcessorBase.java:52)
		at org.apache.tomcat.util.threads.ThreadPoolExecutor.runWorker(ThreadPoolExecutor.java:973)
		at org.apache.tomcat.util.threads.ThreadPoolExecutor$Worker.run(ThreadPoolExecutor.java:491)
		at org.apache.tomcat.util.threads.TaskThread$WrappingRunnable.run(TaskThread.java:63)
		at java.base/java.lang.Thread.run(Thread.java:842)
04-Apr-2026 20:28:33.586 INFO [main] org.apache.catalina.core.ApplicationContext.log SessionListener: contextDestroyed()
04-Apr-2026 20:28:33.586 INFO [main] org.apache.catalina.core.ApplicationContext.log ContextListener: contextDestroyed()
04-Apr-2026 20:28:36.612 INFO [main] org.apache.catalina.core.ApplicationContext.log ContextListener: contextInitialized()
04-Apr-2026 20:28:36.613 INFO [main] org.apache.catalina.core.ApplicationContext.log SessionListener: contextInitialized()
04-Apr-2026 20:28:36.617 INFO [main] org.apache.catalina.core.ApplicationContext.log ContextListener: attributeAdded('StockTicker', 'async.Stockticker@1ef93e01')
04-Apr-2026 20:28:47.358 SEVERE [http-nio-8080-exec-3] org.apache.catalina.core.ApplicationDispatcher.invoke Servlet.service() for servlet [jsp] threw exception
	jakarta.el.PropertyNotFoundException: Property [UserName] not found on type [Model.User]
		at jakarta.el.BeanELResolver$BeanProperties.get(BeanELResolver.java:261)
		at jakarta.el.BeanELResolver.property(BeanELResolver.java:330)
		at jakarta.el.BeanELResolver.getValue(BeanELResolver.java:99)
		at org.apache.jasper.el.JasperELResolver.getValue(JasperELResolver.java:128)
		at org.apache.el.parser.AstValue.getValue(AstValue.java:161)
		at org.apache.el.ValueExpressionImpl.getValue(ValueExpressionImpl.java:150)
		at org.apache.jasper.runtime.PageContextImpl.proprietaryEvaluate(PageContextImpl.java:666)
		at org.apache.jsp.home_jsp._jspService(home_jsp.java:214)
		at org.apache.jasper.runtime.HttpJspBase.service(HttpJspBase.java:62)
		at jakarta.servlet.http.HttpServlet.service(HttpServlet.java:658)
		at org.apache.jasper.servlet.JspServletWrapper.service(JspServletWrapper.java:428)
		at org.apache.jasper.servlet.JspServlet.serviceJspFile(JspServlet.java:350)
		at org.apache.jasper.servlet.JspServlet.service(JspServlet.java:301)
		at jakarta.servlet.http.HttpServlet.service(HttpServlet.java:658)
		at org.apache.catalina.core.ApplicationFilterChain.internalDoFilter(ApplicationFilterChain.java:193)
		at org.apache.catalina.core.ApplicationFilterChain.doFilter(ApplicationFilterChain.java:138)
		at org.apache.tomcat.websocket.server.WsFilter.doFilter(WsFilter.java:51)
		at org.apache.catalina.core.ApplicationFilterChain.internalDoFilter(ApplicationFilterChain.java:162)
		at org.apache.catalina.core.ApplicationFilterChain.doFilter(ApplicationFilterChain.java:138)
		at org.apache.catalina.core.ApplicationDispatcher.invoke(ApplicationDispatcher.java:610)
		at org.apache.catalina.core.ApplicationDispatcher.processRequest(ApplicationDispatcher.java:392)
		at org.apache.catalina.core.ApplicationDispatcher.doForward(ApplicationDispatcher.java:321)
		at org.apache.catalina.core.ApplicationDispatcher.forward(ApplicationDispatcher.java:266)
		at Controller.HomeServlet.doGet(HomeServlet.java:60)
		at jakarta.servlet.http.HttpServlet.service(HttpServlet.java:564)
		at jakarta.servlet.http.HttpServlet.service(HttpServlet.java:658)
		at org.apache.catalina.core.ApplicationFilterChain.internalDoFilter(ApplicationFilterChain.java:193)
		at org.apache.catalina.core.ApplicationFilterChain.doFilter(ApplicationFilterChain.java:138)
		at org.apache.tomcat.websocket.server.WsFilter.doFilter(WsFilter.java:51)
		at org.apache.catalina.core.ApplicationFilterChain.internalDoFilter(ApplicationFilterChain.java:162)
		at org.apache.catalina.core.ApplicationFilterChain.doFilter(ApplicationFilterChain.java:138)
		at org.apache.catalina.core.StandardWrapperValve.invoke(StandardWrapperValve.java:165)
		at org.apache.catalina.core.StandardContextValve.invoke(StandardContextValve.java:88)
		at org.apache.catalina.authenticator.AuthenticatorBase.invoke(AuthenticatorBase.java:492)
		at org.apache.catalina.core.StandardHostValve.invoke(StandardHostValve.java:113)
		at org.apache.catalina.valves.ErrorReportValve.invoke(ErrorReportValve.java:83)
		at org.apache.catalina.valves.AbstractAccessLogValve.invoke(AbstractAccessLogValve.java:654)
		at org.apache.catalina.core.StandardEngineValve.invoke(StandardEngineValve.java:72)
		at org.apache.catalina.connector.CoyoteAdapter.service(CoyoteAdapter.java:342)
		at org.apache.coyote.http11.Http11Processor.service(Http11Processor.java:399)
		at org.apache.coyote.AbstractProcessorLight.process(AbstractProcessorLight.java:63)
		at org.apache.coyote.AbstractProtocol$ConnectionHandler.process(AbstractProtocol.java:903)
		at org.apache.tomcat.util.net.NioEndpoint$SocketProcessor.doRun(NioEndpoint.java:1775)
		at org.apache.tomcat.util.net.SocketProcessorBase.run(SocketProcessorBase.java:52)
		at org.apache.tomcat.util.threads.ThreadPoolExecutor.runWorker(ThreadPoolExecutor.java:973)
		at org.apache.tomcat.util.threads.ThreadPoolExecutor$Worker.run(ThreadPoolExecutor.java:491)
		at org.apache.tomcat.util.threads.TaskThread$WrappingRunnable.run(TaskThread.java:63)
		at java.base/java.lang.Thread.run(Thread.java:842)
04-Apr-2026 20:28:47.359 SEVERE [http-nio-8080-exec-3] org.apache.catalina.core.StandardWrapperValve.invoke Servlet.service() for servlet [Controller.HomeServlet] in context with path [/IBanking] threw exception [An exception occurred processing [/home.jsp] at line [83]

80: </head>
81: <body>
82: <header>
83:     <h2>Chao ${account.user.UserName}</h2>
84: </header>
85: <div class="container">
86:     <div class="card">


Stacktrace:] with root cause
	jakarta.el.PropertyNotFoundException: Property [UserName] not found on type [Model.User]
		at jakarta.el.BeanELResolver$BeanProperties.get(BeanELResolver.java:261)
		at jakarta.el.BeanELResolver.property(BeanELResolver.java:330)
		at jakarta.el.BeanELResolver.getValue(BeanELResolver.java:99)
		at org.apache.jasper.el.JasperELResolver.getValue(JasperELResolver.java:128)
		at org.apache.el.parser.AstValue.getValue(AstValue.java:161)
		at org.apache.el.ValueExpressionImpl.getValue(ValueExpressionImpl.java:150)
		at org.apache.jasper.runtime.PageContextImpl.proprietaryEvaluate(PageContextImpl.java:666)
		at org.apache.jsp.home_jsp._jspService(home_jsp.java:214)
		at org.apache.jasper.runtime.HttpJspBase.service(HttpJspBase.java:62)
		at jakarta.servlet.http.HttpServlet.service(HttpServlet.java:658)
		at org.apache.jasper.servlet.JspServletWrapper.service(JspServletWrapper.java:428)
		at org.apache.jasper.servlet.JspServlet.serviceJspFile(JspServlet.java:350)
		at org.apache.jasper.servlet.JspServlet.service(JspServlet.java:301)
		at jakarta.servlet.http.HttpServlet.service(HttpServlet.java:658)
		at org.apache.catalina.core.ApplicationFilterChain.internalDoFilter(ApplicationFilterChain.java:193)
		at org.apache.catalina.core.ApplicationFilterChain.doFilter(ApplicationFilterChain.java:138)
		at org.apache.tomcat.websocket.server.WsFilter.doFilter(WsFilter.java:51)
		at org.apache.catalina.core.ApplicationFilterChain.internalDoFilter(ApplicationFilterChain.java:162)
		at org.apache.catalina.core.ApplicationFilterChain.doFilter(ApplicationFilterChain.java:138)
		at org.apache.catalina.core.ApplicationDispatcher.invoke(ApplicationDispatcher.java:610)
		at org.apache.catalina.core.ApplicationDispatcher.processRequest(ApplicationDispatcher.java:392)
		at org.apache.catalina.core.ApplicationDispatcher.doForward(ApplicationDispatcher.java:321)
		at org.apache.catalina.core.ApplicationDispatcher.forward(ApplicationDispatcher.java:266)
		at Controller.HomeServlet.doGet(HomeServlet.java:60)
		at jakarta.servlet.http.HttpServlet.service(HttpServlet.java:564)
		at jakarta.servlet.http.HttpServlet.service(HttpServlet.java:658)
		at org.apache.catalina.core.ApplicationFilterChain.internalDoFilter(ApplicationFilterChain.java:193)
		at org.apache.catalina.core.ApplicationFilterChain.doFilter(ApplicationFilterChain.java:138)
		at org.apache.tomcat.websocket.server.WsFilter.doFilter(WsFilter.java:51)
		at org.apache.catalina.core.ApplicationFilterChain.internalDoFilter(ApplicationFilterChain.java:162)
		at org.apache.catalina.core.ApplicationFilterChain.doFilter(ApplicationFilterChain.java:138)
		at org.apache.catalina.core.StandardWrapperValve.invoke(StandardWrapperValve.java:165)
		at org.apache.catalina.core.StandardContextValve.invoke(StandardContextValve.java:88)
		at org.apache.catalina.authenticator.AuthenticatorBase.invoke(AuthenticatorBase.java:492)
		at org.apache.catalina.core.StandardHostValve.invoke(StandardHostValve.java:113)
		at org.apache.catalina.valves.ErrorReportValve.invoke(ErrorReportValve.java:83)
		at org.apache.catalina.valves.AbstractAccessLogValve.invoke(AbstractAccessLogValve.java:654)
		at org.apache.catalina.core.StandardEngineValve.invoke(StandardEngineValve.java:72)
		at org.apache.catalina.connector.CoyoteAdapter.service(CoyoteAdapter.java:342)
		at org.apache.coyote.http11.Http11Processor.service(Http11Processor.java:399)
		at org.apache.coyote.AbstractProcessorLight.process(AbstractProcessorLight.java:63)
		at org.apache.coyote.AbstractProtocol$ConnectionHandler.process(AbstractProtocol.java:903)
		at org.apache.tomcat.util.net.NioEndpoint$SocketProcessor.doRun(NioEndpoint.java:1775)
		at org.apache.tomcat.util.net.SocketProcessorBase.run(SocketProcessorBase.java:52)
		at org.apache.tomcat.util.threads.ThreadPoolExecutor.runWorker(ThreadPoolExecutor.java:973)
		at org.apache.tomcat.util.threads.ThreadPoolExecutor$Worker.run(ThreadPoolExecutor.java:491)
		at org.apache.tomcat.util.threads.TaskThread$WrappingRunnable.run(TaskThread.java:63)
		at java.base/java.lang.Thread.run(Thread.java:842)
04-Apr-2026 20:29:29.734 INFO [main] org.apache.catalina.core.ApplicationContext.log SessionListener: contextDestroyed()
04-Apr-2026 20:29:29.735 INFO [main] org.apache.catalina.core.ApplicationContext.log ContextListener: contextDestroyed()
04-Apr-2026 20:29:32.651 INFO [main] org.apache.catalina.core.ApplicationContext.log ContextListener: contextInitialized()
04-Apr-2026 20:29:32.652 INFO [main] org.apache.catalina.core.ApplicationContext.log SessionListener: contextInitialized()
04-Apr-2026 20:29:32.656 INFO [main] org.apache.catalina.core.ApplicationContext.log ContextListener: attributeAdded('StockTicker', 'async.Stockticker@77ea960f')
04-Apr-2026 20:30:37.621 INFO [main] org.apache.catalina.core.ApplicationContext.log SessionListener: contextDestroyed()
04-Apr-2026 20:30:37.621 INFO [main] org.apache.catalina.core.ApplicationContext.log ContextListener: contextDestroyed()
04-Apr-2026 20:30:41.087 INFO [main] org.apache.catalina.core.ApplicationContext.log ContextListener: contextInitialized()
04-Apr-2026 20:30:41.087 INFO [main] org.apache.catalina.core.ApplicationContext.log SessionListener: contextInitialized()
04-Apr-2026 20:30:41.092 INFO [main] org.apache.catalina.core.ApplicationContext.log ContextListener: attributeAdded('StockTicker', 'async.Stockticker@1ef93e01')
04-Apr-2026 20:34:24.034 INFO [main] org.apache.catalina.core.ApplicationContext.log SessionListener: contextDestroyed()
04-Apr-2026 20:34:24.034 INFO [main] org.apache.catalina.core.ApplicationContext.log ContextListener: contextDestroyed()
04-Apr-2026 20:34:34.780 INFO [main] org.apache.catalina.core.ApplicationContext.log ContextListener: contextInitialized()
04-Apr-2026 20:34:34.781 INFO [main] org.apache.catalina.core.ApplicationContext.log SessionListener: contextInitialized()
04-Apr-2026 20:34:34.786 INFO [main] org.apache.catalina.core.ApplicationContext.log ContextListener: attributeAdded('StockTicker', 'async.Stockticker@5f166f2e')
